[2024-11-10T18:45:57.840+0000] {taskinstance.py:1979} INFO - Dependencies all met for dep_context=non-requeueable deps ti=<TaskInstance: analytics_pipeline.trip_stop_sensor manual__2024-11-10T18:45:56.119673+00:00 [queued]>
[2024-11-10T18:45:57.850+0000] {taskinstance.py:1979} INFO - Dependencies all met for dep_context=requeueable deps ti=<TaskInstance: analytics_pipeline.trip_stop_sensor manual__2024-11-10T18:45:56.119673+00:00 [queued]>
[2024-11-10T18:45:57.851+0000] {taskinstance.py:2193} INFO - Starting attempt 1 of 1
[2024-11-10T18:45:57.867+0000] {taskinstance.py:2217} INFO - Executing <Task(RabbitMQSensor): trip_stop_sensor> on 2024-11-10 18:45:56.119673+00:00
[2024-11-10T18:45:57.873+0000] {standard_task_runner.py:60} INFO - Started process 101 to run task
[2024-11-10T18:45:57.876+0000] {standard_task_runner.py:87} INFO - Running: ['***', 'tasks', 'run', 'analytics_pipeline', 'trip_stop_sensor', 'manual__2024-11-10T18:45:56.119673+00:00', '--job-id', '1254', '--raw', '--subdir', 'DAGS_FOLDER/analytics_pipeline.py', '--cfg-path', '/tmp/tmp38htarzn']
[2024-11-10T18:45:57.879+0000] {standard_task_runner.py:88} INFO - Job 1254: Subtask trip_stop_sensor
[2024-11-10T18:45:57.928+0000] {task_command.py:423} INFO - Running <TaskInstance: analytics_pipeline.trip_stop_sensor manual__2024-11-10T18:45:56.119673+00:00 [running]> on host 2a2d16a2b1e8
[2024-11-10T18:45:57.995+0000] {taskinstance.py:2513} INFO - Exporting env vars: AIRFLOW_CTX_DAG_OWNER='***' AIRFLOW_CTX_DAG_ID='analytics_pipeline' AIRFLOW_CTX_TASK_ID='trip_stop_sensor' AIRFLOW_CTX_EXECUTION_DATE='2024-11-10T18:45:56.119673+00:00' AIRFLOW_CTX_TRY_NUMBER='1' AIRFLOW_CTX_DAG_RUN_ID='manual__2024-11-10T18:45:56.119673+00:00'
[2024-11-10T18:45:58.003+0000] {base.py:83} INFO - Using connection ID 'RabbitMQ' for task execution.
[2024-11-10T18:45:58.006+0000] {connection_workflow.py:179} INFO - Pika version 1.3.2 connecting to ('172.26.0.2', 5672)
[2024-11-10T18:45:58.007+0000] {io_services_utils.py:345} INFO - Socket connected: <socket.socket fd=93, family=AddressFamily.AF_INET, type=SocketKind.SOCK_STREAM, proto=6, laddr=('172.26.0.7', 36776), raddr=('172.26.0.2', 5672)>
[2024-11-10T18:45:58.008+0000] {connection_workflow.py:428} INFO - Streaming transport linked up: (<pika.adapters.utils.io_services_utils._AsyncPlaintextTransport object at 0x7fb8011a3a60>, _StreamingProtocolShim: <SelectConnection PROTOCOL transport=<pika.adapters.utils.io_services_utils._AsyncPlaintextTransport object at 0x7fb8011a3a60> params=<ConnectionParameters host=rabbitmq_main port=5672 virtual_host=/ ssl=False>>).
[2024-11-10T18:45:58.011+0000] {connection_workflow.py:293} INFO - AMQPConnector - reporting success: <SelectConnection OPEN transport=<pika.adapters.utils.io_services_utils._AsyncPlaintextTransport object at 0x7fb8011a3a60> params=<ConnectionParameters host=rabbitmq_main port=5672 virtual_host=/ ssl=False>>
[2024-11-10T18:45:58.012+0000] {connection_workflow.py:725} INFO - AMQPConnectionWorkflow - reporting success: <SelectConnection OPEN transport=<pika.adapters.utils.io_services_utils._AsyncPlaintextTransport object at 0x7fb8011a3a60> params=<ConnectionParameters host=rabbitmq_main port=5672 virtual_host=/ ssl=False>>
[2024-11-10T18:45:58.012+0000] {blocking_connection.py:453} INFO - Connection workflow succeeded: <SelectConnection OPEN transport=<pika.adapters.utils.io_services_utils._AsyncPlaintextTransport object at 0x7fb8011a3a60> params=<ConnectionParameters host=rabbitmq_main port=5672 virtual_host=/ ssl=False>>
[2024-11-10T18:45:58.013+0000] {blocking_connection.py:1264} INFO - Created channel=1
[2024-11-10T18:45:58.014+0000] {channel.py:536} INFO - Closing channel (0): 'Normal shutdown' on <Channel number=1 OPEN conn=<SelectConnection OPEN transport=<pika.adapters.utils.io_services_utils._AsyncPlaintextTransport object at 0x7fb8011a3a60> params=<ConnectionParameters host=rabbitmq_main port=5672 virtual_host=/ ssl=False>>>
[2024-11-10T18:45:58.015+0000] {channel.py:1133} INFO - Received <Channel.CloseOk> on <Channel number=1 CLOSING conn=<SelectConnection OPEN transport=<pika.adapters.utils.io_services_utils._AsyncPlaintextTransport object at 0x7fb8011a3a60> params=<ConnectionParameters host=rabbitmq_main port=5672 virtual_host=/ ssl=False>>>
[2024-11-10T18:46:58.042+0000] {base.py:83} INFO - Using connection ID 'RabbitMQ' for task execution.
[2024-11-10T18:46:58.047+0000] {connection_workflow.py:179} INFO - Pika version 1.3.2 connecting to ('172.26.0.2', 5672)
[2024-11-10T18:46:58.048+0000] {io_services_utils.py:345} INFO - Socket connected: <socket.socket fd=97, family=AddressFamily.AF_INET, type=SocketKind.SOCK_STREAM, proto=6, laddr=('172.26.0.7', 44984), raddr=('172.26.0.2', 5672)>
[2024-11-10T18:46:58.050+0000] {connection_workflow.py:428} INFO - Streaming transport linked up: (<pika.adapters.utils.io_services_utils._AsyncPlaintextTransport object at 0x7fb801147940>, _StreamingProtocolShim: <SelectConnection PROTOCOL transport=<pika.adapters.utils.io_services_utils._AsyncPlaintextTransport object at 0x7fb801147940> params=<ConnectionParameters host=rabbitmq_main port=5672 virtual_host=/ ssl=False>>).
[2024-11-10T18:46:58.056+0000] {connection_workflow.py:293} INFO - AMQPConnector - reporting success: <SelectConnection OPEN transport=<pika.adapters.utils.io_services_utils._AsyncPlaintextTransport object at 0x7fb801147940> params=<ConnectionParameters host=rabbitmq_main port=5672 virtual_host=/ ssl=False>>
[2024-11-10T18:46:58.057+0000] {connection_workflow.py:725} INFO - AMQPConnectionWorkflow - reporting success: <SelectConnection OPEN transport=<pika.adapters.utils.io_services_utils._AsyncPlaintextTransport object at 0x7fb801147940> params=<ConnectionParameters host=rabbitmq_main port=5672 virtual_host=/ ssl=False>>
[2024-11-10T18:46:58.058+0000] {blocking_connection.py:453} INFO - Connection workflow succeeded: <SelectConnection OPEN transport=<pika.adapters.utils.io_services_utils._AsyncPlaintextTransport object at 0x7fb801147940> params=<ConnectionParameters host=rabbitmq_main port=5672 virtual_host=/ ssl=False>>
[2024-11-10T18:46:58.059+0000] {blocking_connection.py:1264} INFO - Created channel=1
[2024-11-10T18:46:58.064+0000] {channel.py:536} INFO - Closing channel (0): 'Normal shutdown' on <Channel number=1 OPEN conn=<SelectConnection OPEN transport=<pika.adapters.utils.io_services_utils._AsyncPlaintextTransport object at 0x7fb801147940> params=<ConnectionParameters host=rabbitmq_main port=5672 virtual_host=/ ssl=False>>>
[2024-11-10T18:46:58.066+0000] {channel.py:1133} INFO - Received <Channel.CloseOk> on <Channel number=1 CLOSING conn=<SelectConnection OPEN transport=<pika.adapters.utils.io_services_utils._AsyncPlaintextTransport object at 0x7fb801147940> params=<ConnectionParameters host=rabbitmq_main port=5672 virtual_host=/ ssl=False>>>
[2024-11-10T18:46:58.068+0000] {base.py:295} INFO - Success criteria met. Exiting.
[2024-11-10T18:46:58.098+0000] {taskinstance.py:1149} INFO - Marking task as SUCCESS. dag_id=analytics_pipeline, task_id=trip_stop_sensor, execution_date=20241110T184556, start_date=20241110T184557, end_date=20241110T184658
[2024-11-10T18:46:58.124+0000] {local_task_job_runner.py:234} INFO - Task exited with return code 0
[2024-11-10T18:46:58.143+0000] {taskinstance.py:3312} INFO - 1 downstream tasks scheduled from follow-on schedule check
