[2024-11-10T20:31:34.804+0000] {taskinstance.py:1979} INFO - Dependencies all met for dep_context=non-requeueable deps ti=<TaskInstance: analytics_pipeline.trip_stop_sensor scheduled__2024-11-10T20:31:32.334626+00:00 [queued]>
[2024-11-10T20:31:34.812+0000] {taskinstance.py:1979} INFO - Dependencies all met for dep_context=requeueable deps ti=<TaskInstance: analytics_pipeline.trip_stop_sensor scheduled__2024-11-10T20:31:32.334626+00:00 [queued]>
[2024-11-10T20:31:34.813+0000] {taskinstance.py:2193} INFO - Starting attempt 1 of 1
[2024-11-10T20:31:34.824+0000] {taskinstance.py:2217} INFO - Executing <Task(RabbitMQSensor): trip_stop_sensor> on 2024-11-10 20:31:32.334626+00:00
[2024-11-10T20:31:34.827+0000] {standard_task_runner.py:60} INFO - Started process 990 to run task
[2024-11-10T20:31:34.829+0000] {standard_task_runner.py:87} INFO - Running: ['***', 'tasks', 'run', 'analytics_pipeline', 'trip_stop_sensor', 'scheduled__2024-11-10T20:31:32.334626+00:00', '--job-id', '1267', '--raw', '--subdir', 'DAGS_FOLDER/analytics_pipeline.py', '--cfg-path', '/tmp/tmp7eiysr3l']
[2024-11-10T20:31:34.830+0000] {standard_task_runner.py:88} INFO - Job 1267: Subtask trip_stop_sensor
[2024-11-10T20:31:34.864+0000] {task_command.py:423} INFO - Running <TaskInstance: analytics_pipeline.trip_stop_sensor scheduled__2024-11-10T20:31:32.334626+00:00 [running]> on host 2a2d16a2b1e8
[2024-11-10T20:31:34.924+0000] {taskinstance.py:2513} INFO - Exporting env vars: AIRFLOW_CTX_DAG_OWNER='***' AIRFLOW_CTX_DAG_ID='analytics_pipeline' AIRFLOW_CTX_TASK_ID='trip_stop_sensor' AIRFLOW_CTX_EXECUTION_DATE='2024-11-10T20:31:32.334626+00:00' AIRFLOW_CTX_TRY_NUMBER='1' AIRFLOW_CTX_DAG_RUN_ID='scheduled__2024-11-10T20:31:32.334626+00:00'
[2024-11-10T20:31:34.931+0000] {base.py:83} INFO - Using connection ID 'RabbitMQ' for task execution.
[2024-11-10T20:31:34.933+0000] {connection_workflow.py:179} INFO - Pika version 1.3.2 connecting to ('172.26.0.2', 5672)
[2024-11-10T20:31:34.934+0000] {io_services_utils.py:345} INFO - Socket connected: <socket.socket fd=93, family=AddressFamily.AF_INET, type=SocketKind.SOCK_STREAM, proto=6, laddr=('172.26.0.7', 43378), raddr=('172.26.0.2', 5672)>
[2024-11-10T20:31:34.936+0000] {connection_workflow.py:428} INFO - Streaming transport linked up: (<pika.adapters.utils.io_services_utils._AsyncPlaintextTransport object at 0x7fb80152ba00>, _StreamingProtocolShim: <SelectConnection PROTOCOL transport=<pika.adapters.utils.io_services_utils._AsyncPlaintextTransport object at 0x7fb80152ba00> params=<ConnectionParameters host=rabbitmq_main port=5672 virtual_host=/ ssl=False>>).
[2024-11-10T20:31:34.938+0000] {connection_workflow.py:293} INFO - AMQPConnector - reporting success: <SelectConnection OPEN transport=<pika.adapters.utils.io_services_utils._AsyncPlaintextTransport object at 0x7fb80152ba00> params=<ConnectionParameters host=rabbitmq_main port=5672 virtual_host=/ ssl=False>>
[2024-11-10T20:31:34.938+0000] {connection_workflow.py:725} INFO - AMQPConnectionWorkflow - reporting success: <SelectConnection OPEN transport=<pika.adapters.utils.io_services_utils._AsyncPlaintextTransport object at 0x7fb80152ba00> params=<ConnectionParameters host=rabbitmq_main port=5672 virtual_host=/ ssl=False>>
[2024-11-10T20:31:34.939+0000] {blocking_connection.py:453} INFO - Connection workflow succeeded: <SelectConnection OPEN transport=<pika.adapters.utils.io_services_utils._AsyncPlaintextTransport object at 0x7fb80152ba00> params=<ConnectionParameters host=rabbitmq_main port=5672 virtual_host=/ ssl=False>>
[2024-11-10T20:31:34.939+0000] {blocking_connection.py:1264} INFO - Created channel=1
[2024-11-10T20:31:34.941+0000] {channel.py:536} INFO - Closing channel (0): 'Normal shutdown' on <Channel number=1 OPEN conn=<SelectConnection OPEN transport=<pika.adapters.utils.io_services_utils._AsyncPlaintextTransport object at 0x7fb80152ba00> params=<ConnectionParameters host=rabbitmq_main port=5672 virtual_host=/ ssl=False>>>
[2024-11-10T20:31:34.941+0000] {channel.py:1133} INFO - Received <Channel.CloseOk> on <Channel number=1 CLOSING conn=<SelectConnection OPEN transport=<pika.adapters.utils.io_services_utils._AsyncPlaintextTransport object at 0x7fb80152ba00> params=<ConnectionParameters host=rabbitmq_main port=5672 virtual_host=/ ssl=False>>>
[2024-11-10T20:32:34.958+0000] {base.py:83} INFO - Using connection ID 'RabbitMQ' for task execution.
[2024-11-10T20:32:34.959+0000] {connection_workflow.py:179} INFO - Pika version 1.3.2 connecting to ('172.26.0.2', 5672)
[2024-11-10T20:32:34.960+0000] {io_services_utils.py:345} INFO - Socket connected: <socket.socket fd=97, family=AddressFamily.AF_INET, type=SocketKind.SOCK_STREAM, proto=6, laddr=('172.26.0.7', 46952), raddr=('172.26.0.2', 5672)>
[2024-11-10T20:32:34.960+0000] {connection_workflow.py:428} INFO - Streaming transport linked up: (<pika.adapters.utils.io_services_utils._AsyncPlaintextTransport object at 0x7fb8014d44c0>, _StreamingProtocolShim: <SelectConnection PROTOCOL transport=<pika.adapters.utils.io_services_utils._AsyncPlaintextTransport object at 0x7fb8014d44c0> params=<ConnectionParameters host=rabbitmq_main port=5672 virtual_host=/ ssl=False>>).
[2024-11-10T20:32:34.962+0000] {connection_workflow.py:293} INFO - AMQPConnector - reporting success: <SelectConnection OPEN transport=<pika.adapters.utils.io_services_utils._AsyncPlaintextTransport object at 0x7fb8014d44c0> params=<ConnectionParameters host=rabbitmq_main port=5672 virtual_host=/ ssl=False>>
[2024-11-10T20:32:34.963+0000] {connection_workflow.py:725} INFO - AMQPConnectionWorkflow - reporting success: <SelectConnection OPEN transport=<pika.adapters.utils.io_services_utils._AsyncPlaintextTransport object at 0x7fb8014d44c0> params=<ConnectionParameters host=rabbitmq_main port=5672 virtual_host=/ ssl=False>>
[2024-11-10T20:32:34.963+0000] {blocking_connection.py:453} INFO - Connection workflow succeeded: <SelectConnection OPEN transport=<pika.adapters.utils.io_services_utils._AsyncPlaintextTransport object at 0x7fb8014d44c0> params=<ConnectionParameters host=rabbitmq_main port=5672 virtual_host=/ ssl=False>>
[2024-11-10T20:32:34.964+0000] {blocking_connection.py:1264} INFO - Created channel=1
[2024-11-10T20:32:34.966+0000] {channel.py:536} INFO - Closing channel (0): 'Normal shutdown' on <Channel number=1 OPEN conn=<SelectConnection OPEN transport=<pika.adapters.utils.io_services_utils._AsyncPlaintextTransport object at 0x7fb8014d44c0> params=<ConnectionParameters host=rabbitmq_main port=5672 virtual_host=/ ssl=False>>>
[2024-11-10T20:32:34.967+0000] {channel.py:1133} INFO - Received <Channel.CloseOk> on <Channel number=1 CLOSING conn=<SelectConnection OPEN transport=<pika.adapters.utils.io_services_utils._AsyncPlaintextTransport object at 0x7fb8014d44c0> params=<ConnectionParameters host=rabbitmq_main port=5672 virtual_host=/ ssl=False>>>
[2024-11-10T20:32:34.967+0000] {base.py:295} INFO - Success criteria met. Exiting.
[2024-11-10T20:32:34.984+0000] {taskinstance.py:1149} INFO - Marking task as SUCCESS. dag_id=analytics_pipeline, task_id=trip_stop_sensor, execution_date=20241110T203132, start_date=20241110T203134, end_date=20241110T203234
[2024-11-10T20:32:35.028+0000] {local_task_job_runner.py:234} INFO - Task exited with return code 0
[2024-11-10T20:32:35.047+0000] {taskinstance.py:3312} INFO - 1 downstream tasks scheduled from follow-on schedule check
