[2024-11-10T20:30:30.194+0000] {taskinstance.py:1979} INFO - Dependencies all met for dep_context=non-requeueable deps ti=<TaskInstance: analytics_pipeline.trip_stop_sensor scheduled__2024-11-10T20:30:28.563394+00:00 [queued]>
[2024-11-10T20:30:30.201+0000] {taskinstance.py:1979} INFO - Dependencies all met for dep_context=requeueable deps ti=<TaskInstance: analytics_pipeline.trip_stop_sensor scheduled__2024-11-10T20:30:28.563394+00:00 [queued]>
[2024-11-10T20:30:30.201+0000] {taskinstance.py:2193} INFO - Starting attempt 1 of 1
[2024-11-10T20:30:30.212+0000] {taskinstance.py:2217} INFO - Executing <Task(RabbitMQSensor): trip_stop_sensor> on 2024-11-10 20:30:28.563394+00:00
[2024-11-10T20:30:30.216+0000] {standard_task_runner.py:60} INFO - Started process 968 to run task
[2024-11-10T20:30:30.218+0000] {standard_task_runner.py:87} INFO - Running: ['***', 'tasks', 'run', 'analytics_pipeline', 'trip_stop_sensor', 'scheduled__2024-11-10T20:30:28.563394+00:00', '--job-id', '1265', '--raw', '--subdir', 'DAGS_FOLDER/analytics_pipeline.py', '--cfg-path', '/tmp/tmpqv95ead6']
[2024-11-10T20:30:30.219+0000] {standard_task_runner.py:88} INFO - Job 1265: Subtask trip_stop_sensor
[2024-11-10T20:30:30.253+0000] {task_command.py:423} INFO - Running <TaskInstance: analytics_pipeline.trip_stop_sensor scheduled__2024-11-10T20:30:28.563394+00:00 [running]> on host 2a2d16a2b1e8
[2024-11-10T20:30:30.314+0000] {taskinstance.py:2513} INFO - Exporting env vars: AIRFLOW_CTX_DAG_OWNER='***' AIRFLOW_CTX_DAG_ID='analytics_pipeline' AIRFLOW_CTX_TASK_ID='trip_stop_sensor' AIRFLOW_CTX_EXECUTION_DATE='2024-11-10T20:30:28.563394+00:00' AIRFLOW_CTX_TRY_NUMBER='1' AIRFLOW_CTX_DAG_RUN_ID='scheduled__2024-11-10T20:30:28.563394+00:00'
[2024-11-10T20:30:30.320+0000] {base.py:83} INFO - Using connection ID 'RabbitMQ' for task execution.
[2024-11-10T20:30:30.323+0000] {connection_workflow.py:179} INFO - Pika version 1.3.2 connecting to ('172.26.0.2', 5672)
[2024-11-10T20:30:30.323+0000] {io_services_utils.py:345} INFO - Socket connected: <socket.socket fd=93, family=AddressFamily.AF_INET, type=SocketKind.SOCK_STREAM, proto=6, laddr=('172.26.0.7', 51540), raddr=('172.26.0.2', 5672)>
[2024-11-10T20:30:30.325+0000] {connection_workflow.py:428} INFO - Streaming transport linked up: (<pika.adapters.utils.io_services_utils._AsyncPlaintextTransport object at 0x7fb80152b7f0>, _StreamingProtocolShim: <SelectConnection PROTOCOL transport=<pika.adapters.utils.io_services_utils._AsyncPlaintextTransport object at 0x7fb80152b7f0> params=<ConnectionParameters host=rabbitmq_main port=5672 virtual_host=/ ssl=False>>).
[2024-11-10T20:30:30.327+0000] {connection_workflow.py:293} INFO - AMQPConnector - reporting success: <SelectConnection OPEN transport=<pika.adapters.utils.io_services_utils._AsyncPlaintextTransport object at 0x7fb80152b7f0> params=<ConnectionParameters host=rabbitmq_main port=5672 virtual_host=/ ssl=False>>
[2024-11-10T20:30:30.327+0000] {connection_workflow.py:725} INFO - AMQPConnectionWorkflow - reporting success: <SelectConnection OPEN transport=<pika.adapters.utils.io_services_utils._AsyncPlaintextTransport object at 0x7fb80152b7f0> params=<ConnectionParameters host=rabbitmq_main port=5672 virtual_host=/ ssl=False>>
[2024-11-10T20:30:30.328+0000] {blocking_connection.py:453} INFO - Connection workflow succeeded: <SelectConnection OPEN transport=<pika.adapters.utils.io_services_utils._AsyncPlaintextTransport object at 0x7fb80152b7f0> params=<ConnectionParameters host=rabbitmq_main port=5672 virtual_host=/ ssl=False>>
[2024-11-10T20:30:30.328+0000] {blocking_connection.py:1264} INFO - Created channel=1
[2024-11-10T20:30:30.330+0000] {channel.py:536} INFO - Closing channel (0): 'Normal shutdown' on <Channel number=1 OPEN conn=<SelectConnection OPEN transport=<pika.adapters.utils.io_services_utils._AsyncPlaintextTransport object at 0x7fb80152b7f0> params=<ConnectionParameters host=rabbitmq_main port=5672 virtual_host=/ ssl=False>>>
[2024-11-10T20:30:30.330+0000] {channel.py:1133} INFO - Received <Channel.CloseOk> on <Channel number=1 CLOSING conn=<SelectConnection OPEN transport=<pika.adapters.utils.io_services_utils._AsyncPlaintextTransport object at 0x7fb80152b7f0> params=<ConnectionParameters host=rabbitmq_main port=5672 virtual_host=/ ssl=False>>>
[2024-11-10T20:31:30.335+0000] {base.py:83} INFO - Using connection ID 'RabbitMQ' for task execution.
[2024-11-10T20:31:30.337+0000] {connection_workflow.py:179} INFO - Pika version 1.3.2 connecting to ('172.26.0.2', 5672)
[2024-11-10T20:31:30.337+0000] {io_services_utils.py:345} INFO - Socket connected: <socket.socket fd=97, family=AddressFamily.AF_INET, type=SocketKind.SOCK_STREAM, proto=6, laddr=('172.26.0.7', 43364), raddr=('172.26.0.2', 5672)>
[2024-11-10T20:31:30.338+0000] {connection_workflow.py:428} INFO - Streaming transport linked up: (<pika.adapters.utils.io_services_utils._AsyncPlaintextTransport object at 0x7fb8014d44c0>, _StreamingProtocolShim: <SelectConnection PROTOCOL transport=<pika.adapters.utils.io_services_utils._AsyncPlaintextTransport object at 0x7fb8014d44c0> params=<ConnectionParameters host=rabbitmq_main port=5672 virtual_host=/ ssl=False>>).
[2024-11-10T20:31:30.340+0000] {connection_workflow.py:293} INFO - AMQPConnector - reporting success: <SelectConnection OPEN transport=<pika.adapters.utils.io_services_utils._AsyncPlaintextTransport object at 0x7fb8014d44c0> params=<ConnectionParameters host=rabbitmq_main port=5672 virtual_host=/ ssl=False>>
[2024-11-10T20:31:30.341+0000] {connection_workflow.py:725} INFO - AMQPConnectionWorkflow - reporting success: <SelectConnection OPEN transport=<pika.adapters.utils.io_services_utils._AsyncPlaintextTransport object at 0x7fb8014d44c0> params=<ConnectionParameters host=rabbitmq_main port=5672 virtual_host=/ ssl=False>>
[2024-11-10T20:31:30.342+0000] {blocking_connection.py:453} INFO - Connection workflow succeeded: <SelectConnection OPEN transport=<pika.adapters.utils.io_services_utils._AsyncPlaintextTransport object at 0x7fb8014d44c0> params=<ConnectionParameters host=rabbitmq_main port=5672 virtual_host=/ ssl=False>>
[2024-11-10T20:31:30.342+0000] {blocking_connection.py:1264} INFO - Created channel=1
[2024-11-10T20:31:30.344+0000] {channel.py:536} INFO - Closing channel (0): 'Normal shutdown' on <Channel number=1 OPEN conn=<SelectConnection OPEN transport=<pika.adapters.utils.io_services_utils._AsyncPlaintextTransport object at 0x7fb8014d44c0> params=<ConnectionParameters host=rabbitmq_main port=5672 virtual_host=/ ssl=False>>>
[2024-11-10T20:31:30.345+0000] {channel.py:1133} INFO - Received <Channel.CloseOk> on <Channel number=1 CLOSING conn=<SelectConnection OPEN transport=<pika.adapters.utils.io_services_utils._AsyncPlaintextTransport object at 0x7fb8014d44c0> params=<ConnectionParameters host=rabbitmq_main port=5672 virtual_host=/ ssl=False>>>
[2024-11-10T20:31:30.345+0000] {base.py:295} INFO - Success criteria met. Exiting.
[2024-11-10T20:31:30.363+0000] {taskinstance.py:1149} INFO - Marking task as SUCCESS. dag_id=analytics_pipeline, task_id=trip_stop_sensor, execution_date=20241110T203028, start_date=20241110T203030, end_date=20241110T203130
[2024-11-10T20:31:30.382+0000] {local_task_job_runner.py:234} INFO - Task exited with return code 0
[2024-11-10T20:31:30.413+0000] {taskinstance.py:3312} INFO - 1 downstream tasks scheduled from follow-on schedule check
