[2024-11-10T22:07:36.697+0000] {taskinstance.py:1979} INFO - Dependencies all met for dep_context=non-requeueable deps ti=<TaskInstance: python_broker_postgres.extract manual__2024-11-10T22:07:35.466498+00:00 [queued]>
[2024-11-10T22:07:36.705+0000] {taskinstance.py:1979} INFO - Dependencies all met for dep_context=requeueable deps ti=<TaskInstance: python_broker_postgres.extract manual__2024-11-10T22:07:35.466498+00:00 [queued]>
[2024-11-10T22:07:36.705+0000] {taskinstance.py:2193} INFO - Starting attempt 1 of 1
[2024-11-10T22:07:36.716+0000] {taskinstance.py:2217} INFO - Executing <Task(RabbitMQSensor): extract> on 2024-11-10 22:07:35.466498+00:00
[2024-11-10T22:07:36.720+0000] {standard_task_runner.py:60} INFO - Started process 2569 to run task
[2024-11-10T22:07:36.723+0000] {standard_task_runner.py:87} INFO - Running: ['***', 'tasks', 'run', 'python_broker_postgres', 'extract', 'manual__2024-11-10T22:07:35.466498+00:00', '--job-id', '1275', '--raw', '--subdir', 'DAGS_FOLDER/python_broker_postgres.py', '--cfg-path', '/tmp/tmpbcs1onrl']
[2024-11-10T22:07:36.724+0000] {standard_task_runner.py:88} INFO - Job 1275: Subtask extract
[2024-11-10T22:07:36.760+0000] {task_command.py:423} INFO - Running <TaskInstance: python_broker_postgres.extract manual__2024-11-10T22:07:35.466498+00:00 [running]> on host 2a2d16a2b1e8
[2024-11-10T22:07:36.816+0000] {taskinstance.py:2513} INFO - Exporting env vars: AIRFLOW_CTX_DAG_OWNER='***' AIRFLOW_CTX_DAG_ID='python_broker_postgres' AIRFLOW_CTX_TASK_ID='extract' AIRFLOW_CTX_EXECUTION_DATE='2024-11-10T22:07:35.466498+00:00' AIRFLOW_CTX_TRY_NUMBER='1' AIRFLOW_CTX_DAG_RUN_ID='manual__2024-11-10T22:07:35.466498+00:00'
[2024-11-10T22:07:36.823+0000] {base.py:83} INFO - Using connection ID 'RabbitMQ' for task execution.
[2024-11-10T22:07:36.825+0000] {connection_workflow.py:179} INFO - Pika version 1.3.2 connecting to ('172.26.0.2', 5672)
[2024-11-10T22:07:36.826+0000] {io_services_utils.py:345} INFO - Socket connected: <socket.socket fd=94, family=AddressFamily.AF_INET, type=SocketKind.SOCK_STREAM, proto=6, laddr=('172.26.0.7', 50348), raddr=('172.26.0.2', 5672)>
[2024-11-10T22:07:36.828+0000] {connection_workflow.py:428} INFO - Streaming transport linked up: (<pika.adapters.utils.io_services_utils._AsyncPlaintextTransport object at 0x7fb801445700>, _StreamingProtocolShim: <SelectConnection PROTOCOL transport=<pika.adapters.utils.io_services_utils._AsyncPlaintextTransport object at 0x7fb801445700> params=<ConnectionParameters host=rabbitmq_main port=5672 virtual_host=/ ssl=False>>).
[2024-11-10T22:07:36.830+0000] {connection_workflow.py:293} INFO - AMQPConnector - reporting success: <SelectConnection OPEN transport=<pika.adapters.utils.io_services_utils._AsyncPlaintextTransport object at 0x7fb801445700> params=<ConnectionParameters host=rabbitmq_main port=5672 virtual_host=/ ssl=False>>
[2024-11-10T22:07:36.830+0000] {connection_workflow.py:725} INFO - AMQPConnectionWorkflow - reporting success: <SelectConnection OPEN transport=<pika.adapters.utils.io_services_utils._AsyncPlaintextTransport object at 0x7fb801445700> params=<ConnectionParameters host=rabbitmq_main port=5672 virtual_host=/ ssl=False>>
[2024-11-10T22:07:36.831+0000] {blocking_connection.py:453} INFO - Connection workflow succeeded: <SelectConnection OPEN transport=<pika.adapters.utils.io_services_utils._AsyncPlaintextTransport object at 0x7fb801445700> params=<ConnectionParameters host=rabbitmq_main port=5672 virtual_host=/ ssl=False>>
[2024-11-10T22:07:36.831+0000] {blocking_connection.py:1264} INFO - Created channel=1
[2024-11-10T22:07:36.833+0000] {channel.py:536} INFO - Closing channel (0): 'Normal shutdown' on <Channel number=1 OPEN conn=<SelectConnection OPEN transport=<pika.adapters.utils.io_services_utils._AsyncPlaintextTransport object at 0x7fb801445700> params=<ConnectionParameters host=rabbitmq_main port=5672 virtual_host=/ ssl=False>>>
[2024-11-10T22:07:36.834+0000] {channel.py:1133} INFO - Received <Channel.CloseOk> on <Channel number=1 CLOSING conn=<SelectConnection OPEN transport=<pika.adapters.utils.io_services_utils._AsyncPlaintextTransport object at 0x7fb801445700> params=<ConnectionParameters host=rabbitmq_main port=5672 virtual_host=/ ssl=False>>>
[2024-11-10T22:07:36.834+0000] {base.py:295} INFO - Success criteria met. Exiting.
[2024-11-10T22:07:36.850+0000] {taskinstance.py:1149} INFO - Marking task as SUCCESS. dag_id=python_broker_postgres, task_id=extract, execution_date=20241110T220735, start_date=20241110T220736, end_date=20241110T220736
[2024-11-10T22:07:36.895+0000] {local_task_job_runner.py:234} INFO - Task exited with return code 0
[2024-11-10T22:07:36.937+0000] {taskinstance.py:3312} INFO - 1 downstream tasks scheduled from follow-on schedule check
