[2024-11-10T21:58:03.403+0000] {processor.py:161} INFO - Started process (PID=5718) to work on /opt/airflow/dags/python_broker_postgres.py
[2024-11-10T21:58:03.404+0000] {processor.py:830} INFO - Processing file /opt/airflow/dags/python_broker_postgres.py for tasks to queue
[2024-11-10T21:58:03.404+0000] {logging_mixin.py:188} INFO - [2024-11-10T21:58:03.404+0000] {dagbag.py:540} INFO - Filling up the DagBag from /opt/airflow/dags/python_broker_postgres.py
[2024-11-10T21:58:03.466+0000] {processor.py:840} INFO - DAG(s) 'python_broker_postgres' retrieved from /opt/airflow/dags/python_broker_postgres.py
[2024-11-10T21:58:03.551+0000] {logging_mixin.py:188} INFO - [2024-11-10T21:58:03.551+0000] {override.py:1769} INFO - Created Permission View: can delete on DAG:python_broker_postgres
[2024-11-10T21:58:03.559+0000] {logging_mixin.py:188} INFO - [2024-11-10T21:58:03.559+0000] {override.py:1769} INFO - Created Permission View: can edit on DAG:python_broker_postgres
[2024-11-10T21:58:03.565+0000] {logging_mixin.py:188} INFO - [2024-11-10T21:58:03.564+0000] {override.py:1769} INFO - Created Permission View: can read on DAG:python_broker_postgres
[2024-11-10T21:58:03.565+0000] {logging_mixin.py:188} INFO - [2024-11-10T21:58:03.565+0000] {dag.py:3047} INFO - Sync 1 DAGs
[2024-11-10T21:58:03.574+0000] {logging_mixin.py:188} INFO - [2024-11-10T21:58:03.574+0000] {dag.py:3069} INFO - Creating ORM DAG for python_broker_postgres
[2024-11-10T21:58:03.575+0000] {logging_mixin.py:188} INFO - [2024-11-10T21:58:03.575+0000] {dag.py:3834} INFO - Setting next_dagrun for python_broker_postgres to None, run_after=None
[2024-11-10T21:58:03.588+0000] {processor.py:183} INFO - Processing /opt/airflow/dags/python_broker_postgres.py took 0.189 seconds
[2024-11-10T21:58:34.333+0000] {processor.py:161} INFO - Started process (PID=5740) to work on /opt/airflow/dags/python_broker_postgres.py
[2024-11-10T21:58:34.334+0000] {processor.py:830} INFO - Processing file /opt/airflow/dags/python_broker_postgres.py for tasks to queue
[2024-11-10T21:58:34.340+0000] {logging_mixin.py:188} INFO - [2024-11-10T21:58:34.335+0000] {dagbag.py:540} INFO - Filling up the DagBag from /opt/airflow/dags/python_broker_postgres.py
[2024-11-10T21:58:34.383+0000] {processor.py:840} INFO - DAG(s) 'python_broker_postgres' retrieved from /opt/airflow/dags/python_broker_postgres.py
[2024-11-10T21:58:34.402+0000] {logging_mixin.py:188} INFO - [2024-11-10T21:58:34.401+0000] {dag.py:3047} INFO - Sync 1 DAGs
[2024-11-10T21:58:34.412+0000] {logging_mixin.py:188} INFO - [2024-11-10T21:58:34.412+0000] {dag.py:3834} INFO - Setting next_dagrun for python_broker_postgres to None, run_after=None
[2024-11-10T21:58:34.427+0000] {processor.py:183} INFO - Processing /opt/airflow/dags/python_broker_postgres.py took 0.098 seconds
[2024-11-10T21:59:05.341+0000] {processor.py:161} INFO - Started process (PID=5768) to work on /opt/airflow/dags/python_broker_postgres.py
[2024-11-10T21:59:05.342+0000] {processor.py:830} INFO - Processing file /opt/airflow/dags/python_broker_postgres.py for tasks to queue
[2024-11-10T21:59:05.343+0000] {logging_mixin.py:188} INFO - [2024-11-10T21:59:05.342+0000] {dagbag.py:540} INFO - Filling up the DagBag from /opt/airflow/dags/python_broker_postgres.py
[2024-11-10T21:59:05.386+0000] {processor.py:840} INFO - DAG(s) 'python_broker_postgres' retrieved from /opt/airflow/dags/python_broker_postgres.py
[2024-11-10T21:59:05.405+0000] {logging_mixin.py:188} INFO - [2024-11-10T21:59:05.405+0000] {dag.py:3047} INFO - Sync 1 DAGs
[2024-11-10T21:59:05.416+0000] {logging_mixin.py:188} INFO - [2024-11-10T21:59:05.416+0000] {dag.py:3834} INFO - Setting next_dagrun for python_broker_postgres to None, run_after=None
[2024-11-10T21:59:05.430+0000] {processor.py:183} INFO - Processing /opt/airflow/dags/python_broker_postgres.py took 0.094 seconds
[2024-11-10T21:59:36.235+0000] {processor.py:161} INFO - Started process (PID=5790) to work on /opt/airflow/dags/python_broker_postgres.py
[2024-11-10T21:59:36.236+0000] {processor.py:830} INFO - Processing file /opt/airflow/dags/python_broker_postgres.py for tasks to queue
[2024-11-10T21:59:36.237+0000] {logging_mixin.py:188} INFO - [2024-11-10T21:59:36.237+0000] {dagbag.py:540} INFO - Filling up the DagBag from /opt/airflow/dags/python_broker_postgres.py
[2024-11-10T21:59:36.281+0000] {processor.py:840} INFO - DAG(s) 'python_broker_postgres' retrieved from /opt/airflow/dags/python_broker_postgres.py
[2024-11-10T21:59:36.300+0000] {logging_mixin.py:188} INFO - [2024-11-10T21:59:36.300+0000] {dag.py:3047} INFO - Sync 1 DAGs
[2024-11-10T21:59:36.311+0000] {logging_mixin.py:188} INFO - [2024-11-10T21:59:36.311+0000] {dag.py:3834} INFO - Setting next_dagrun for python_broker_postgres to None, run_after=None
[2024-11-10T21:59:36.327+0000] {processor.py:183} INFO - Processing /opt/airflow/dags/python_broker_postgres.py took 0.094 seconds
[2024-11-10T22:00:00.275+0000] {processor.py:161} INFO - Started process (PID=5796) to work on /opt/airflow/dags/python_broker_postgres.py
[2024-11-10T22:00:00.276+0000] {processor.py:830} INFO - Processing file /opt/airflow/dags/python_broker_postgres.py for tasks to queue
[2024-11-10T22:00:00.277+0000] {logging_mixin.py:188} INFO - [2024-11-10T22:00:00.277+0000] {dagbag.py:540} INFO - Filling up the DagBag from /opt/airflow/dags/python_broker_postgres.py
[2024-11-10T22:00:00.338+0000] {processor.py:840} INFO - DAG(s) 'python_broker_postgres' retrieved from /opt/airflow/dags/python_broker_postgres.py
[2024-11-10T22:00:00.425+0000] {logging_mixin.py:188} INFO - [2024-11-10T22:00:00.424+0000] {dag.py:3047} INFO - Sync 1 DAGs
[2024-11-10T22:00:00.434+0000] {logging_mixin.py:188} INFO - [2024-11-10T22:00:00.434+0000] {dag.py:3834} INFO - Setting next_dagrun for python_broker_postgres to None, run_after=None
[2024-11-10T22:00:00.455+0000] {processor.py:183} INFO - Processing /opt/airflow/dags/python_broker_postgres.py took 0.183 seconds
[2024-11-10T22:00:30.518+0000] {processor.py:161} INFO - Started process (PID=5818) to work on /opt/airflow/dags/python_broker_postgres.py
[2024-11-10T22:00:30.519+0000] {processor.py:830} INFO - Processing file /opt/airflow/dags/python_broker_postgres.py for tasks to queue
[2024-11-10T22:00:30.520+0000] {logging_mixin.py:188} INFO - [2024-11-10T22:00:30.520+0000] {dagbag.py:540} INFO - Filling up the DagBag from /opt/airflow/dags/python_broker_postgres.py
[2024-11-10T22:00:30.561+0000] {processor.py:840} INFO - DAG(s) 'python_broker_postgres' retrieved from /opt/airflow/dags/python_broker_postgres.py
[2024-11-10T22:00:30.580+0000] {logging_mixin.py:188} INFO - [2024-11-10T22:00:30.580+0000] {dag.py:3047} INFO - Sync 1 DAGs
[2024-11-10T22:00:30.591+0000] {logging_mixin.py:188} INFO - [2024-11-10T22:00:30.591+0000] {dag.py:3834} INFO - Setting next_dagrun for python_broker_postgres to None, run_after=None
[2024-11-10T22:00:30.605+0000] {processor.py:183} INFO - Processing /opt/airflow/dags/python_broker_postgres.py took 0.090 seconds
[2024-11-10T22:01:00.951+0000] {processor.py:161} INFO - Started process (PID=5840) to work on /opt/airflow/dags/python_broker_postgres.py
[2024-11-10T22:01:00.952+0000] {processor.py:830} INFO - Processing file /opt/airflow/dags/python_broker_postgres.py for tasks to queue
[2024-11-10T22:01:00.954+0000] {logging_mixin.py:188} INFO - [2024-11-10T22:01:00.953+0000] {dagbag.py:540} INFO - Filling up the DagBag from /opt/airflow/dags/python_broker_postgres.py
[2024-11-10T22:01:00.996+0000] {processor.py:840} INFO - DAG(s) 'python_broker_postgres' retrieved from /opt/airflow/dags/python_broker_postgres.py
[2024-11-10T22:01:01.015+0000] {logging_mixin.py:188} INFO - [2024-11-10T22:01:01.014+0000] {dag.py:3047} INFO - Sync 1 DAGs
[2024-11-10T22:01:01.024+0000] {logging_mixin.py:188} INFO - [2024-11-10T22:01:01.024+0000] {dag.py:3834} INFO - Setting next_dagrun for python_broker_postgres to None, run_after=None
[2024-11-10T22:01:01.038+0000] {processor.py:183} INFO - Processing /opt/airflow/dags/python_broker_postgres.py took 0.091 seconds
[2024-11-10T22:01:31.544+0000] {processor.py:161} INFO - Started process (PID=5862) to work on /opt/airflow/dags/python_broker_postgres.py
[2024-11-10T22:01:31.545+0000] {processor.py:830} INFO - Processing file /opt/airflow/dags/python_broker_postgres.py for tasks to queue
[2024-11-10T22:01:31.546+0000] {logging_mixin.py:188} INFO - [2024-11-10T22:01:31.546+0000] {dagbag.py:540} INFO - Filling up the DagBag from /opt/airflow/dags/python_broker_postgres.py
[2024-11-10T22:01:31.590+0000] {processor.py:840} INFO - DAG(s) 'python_broker_postgres' retrieved from /opt/airflow/dags/python_broker_postgres.py
[2024-11-10T22:01:31.610+0000] {logging_mixin.py:188} INFO - [2024-11-10T22:01:31.610+0000] {dag.py:3047} INFO - Sync 1 DAGs
[2024-11-10T22:01:31.621+0000] {logging_mixin.py:188} INFO - [2024-11-10T22:01:31.621+0000] {dag.py:3834} INFO - Setting next_dagrun for python_broker_postgres to None, run_after=None
[2024-11-10T22:01:31.636+0000] {processor.py:183} INFO - Processing /opt/airflow/dags/python_broker_postgres.py took 0.096 seconds
[2024-11-10T22:02:02.154+0000] {processor.py:161} INFO - Started process (PID=5884) to work on /opt/airflow/dags/python_broker_postgres.py
[2024-11-10T22:02:02.155+0000] {processor.py:830} INFO - Processing file /opt/airflow/dags/python_broker_postgres.py for tasks to queue
[2024-11-10T22:02:02.156+0000] {logging_mixin.py:188} INFO - [2024-11-10T22:02:02.155+0000] {dagbag.py:540} INFO - Filling up the DagBag from /opt/airflow/dags/python_broker_postgres.py
[2024-11-10T22:02:02.194+0000] {processor.py:840} INFO - DAG(s) 'python_broker_postgres' retrieved from /opt/airflow/dags/python_broker_postgres.py
[2024-11-10T22:02:02.214+0000] {logging_mixin.py:188} INFO - [2024-11-10T22:02:02.214+0000] {dag.py:3047} INFO - Sync 1 DAGs
[2024-11-10T22:02:02.224+0000] {logging_mixin.py:188} INFO - [2024-11-10T22:02:02.223+0000] {dag.py:3834} INFO - Setting next_dagrun for python_broker_postgres to None, run_after=None
[2024-11-10T22:02:02.238+0000] {processor.py:183} INFO - Processing /opt/airflow/dags/python_broker_postgres.py took 0.087 seconds
[2024-11-10T22:02:32.877+0000] {processor.py:161} INFO - Started process (PID=5906) to work on /opt/airflow/dags/python_broker_postgres.py
[2024-11-10T22:02:32.878+0000] {processor.py:830} INFO - Processing file /opt/airflow/dags/python_broker_postgres.py for tasks to queue
[2024-11-10T22:02:32.879+0000] {logging_mixin.py:188} INFO - [2024-11-10T22:02:32.879+0000] {dagbag.py:540} INFO - Filling up the DagBag from /opt/airflow/dags/python_broker_postgres.py
[2024-11-10T22:02:32.919+0000] {processor.py:840} INFO - DAG(s) 'python_broker_postgres' retrieved from /opt/airflow/dags/python_broker_postgres.py
[2024-11-10T22:02:32.938+0000] {logging_mixin.py:188} INFO - [2024-11-10T22:02:32.938+0000] {dag.py:3047} INFO - Sync 1 DAGs
[2024-11-10T22:02:32.948+0000] {logging_mixin.py:188} INFO - [2024-11-10T22:02:32.948+0000] {dag.py:3834} INFO - Setting next_dagrun for python_broker_postgres to None, run_after=None
[2024-11-10T22:02:32.962+0000] {processor.py:183} INFO - Processing /opt/airflow/dags/python_broker_postgres.py took 0.089 seconds
[2024-11-10T22:03:03.522+0000] {processor.py:161} INFO - Started process (PID=5928) to work on /opt/airflow/dags/python_broker_postgres.py
[2024-11-10T22:03:03.523+0000] {processor.py:830} INFO - Processing file /opt/airflow/dags/python_broker_postgres.py for tasks to queue
[2024-11-10T22:03:03.523+0000] {logging_mixin.py:188} INFO - [2024-11-10T22:03:03.523+0000] {dagbag.py:540} INFO - Filling up the DagBag from /opt/airflow/dags/python_broker_postgres.py
[2024-11-10T22:03:03.562+0000] {processor.py:840} INFO - DAG(s) 'python_broker_postgres' retrieved from /opt/airflow/dags/python_broker_postgres.py
[2024-11-10T22:03:03.582+0000] {logging_mixin.py:188} INFO - [2024-11-10T22:03:03.582+0000] {dag.py:3047} INFO - Sync 1 DAGs
[2024-11-10T22:03:03.592+0000] {logging_mixin.py:188} INFO - [2024-11-10T22:03:03.592+0000] {dag.py:3834} INFO - Setting next_dagrun for python_broker_postgres to None, run_after=None
[2024-11-10T22:03:03.606+0000] {processor.py:183} INFO - Processing /opt/airflow/dags/python_broker_postgres.py took 0.087 seconds
[2024-11-10T22:03:34.166+0000] {processor.py:161} INFO - Started process (PID=5951) to work on /opt/airflow/dags/python_broker_postgres.py
[2024-11-10T22:03:34.167+0000] {processor.py:830} INFO - Processing file /opt/airflow/dags/python_broker_postgres.py for tasks to queue
[2024-11-10T22:03:34.169+0000] {logging_mixin.py:188} INFO - [2024-11-10T22:03:34.169+0000] {dagbag.py:540} INFO - Filling up the DagBag from /opt/airflow/dags/python_broker_postgres.py
[2024-11-10T22:03:34.214+0000] {processor.py:840} INFO - DAG(s) 'python_broker_postgres' retrieved from /opt/airflow/dags/python_broker_postgres.py
[2024-11-10T22:03:34.235+0000] {logging_mixin.py:188} INFO - [2024-11-10T22:03:34.235+0000] {dag.py:3047} INFO - Sync 1 DAGs
[2024-11-10T22:03:34.245+0000] {logging_mixin.py:188} INFO - [2024-11-10T22:03:34.245+0000] {dag.py:3834} INFO - Setting next_dagrun for python_broker_postgres to None, run_after=None
[2024-11-10T22:03:34.260+0000] {processor.py:183} INFO - Processing /opt/airflow/dags/python_broker_postgres.py took 0.099 seconds
[2024-11-10T22:04:04.783+0000] {processor.py:161} INFO - Started process (PID=5973) to work on /opt/airflow/dags/python_broker_postgres.py
[2024-11-10T22:04:04.784+0000] {processor.py:830} INFO - Processing file /opt/airflow/dags/python_broker_postgres.py for tasks to queue
[2024-11-10T22:04:04.785+0000] {logging_mixin.py:188} INFO - [2024-11-10T22:04:04.785+0000] {dagbag.py:540} INFO - Filling up the DagBag from /opt/airflow/dags/python_broker_postgres.py
[2024-11-10T22:04:04.831+0000] {processor.py:840} INFO - DAG(s) 'python_broker_postgres' retrieved from /opt/airflow/dags/python_broker_postgres.py
[2024-11-10T22:04:04.851+0000] {logging_mixin.py:188} INFO - [2024-11-10T22:04:04.851+0000] {dag.py:3047} INFO - Sync 1 DAGs
[2024-11-10T22:04:04.863+0000] {logging_mixin.py:188} INFO - [2024-11-10T22:04:04.863+0000] {dag.py:3834} INFO - Setting next_dagrun for python_broker_postgres to None, run_after=None
[2024-11-10T22:04:04.881+0000] {processor.py:183} INFO - Processing /opt/airflow/dags/python_broker_postgres.py took 0.101 seconds
[2024-11-10T22:04:35.425+0000] {processor.py:161} INFO - Started process (PID=6001) to work on /opt/airflow/dags/python_broker_postgres.py
[2024-11-10T22:04:35.425+0000] {processor.py:830} INFO - Processing file /opt/airflow/dags/python_broker_postgres.py for tasks to queue
[2024-11-10T22:04:35.426+0000] {logging_mixin.py:188} INFO - [2024-11-10T22:04:35.426+0000] {dagbag.py:540} INFO - Filling up the DagBag from /opt/airflow/dags/python_broker_postgres.py
[2024-11-10T22:04:35.468+0000] {processor.py:840} INFO - DAG(s) 'python_broker_postgres' retrieved from /opt/airflow/dags/python_broker_postgres.py
[2024-11-10T22:04:35.488+0000] {logging_mixin.py:188} INFO - [2024-11-10T22:04:35.488+0000] {dag.py:3047} INFO - Sync 1 DAGs
[2024-11-10T22:04:35.499+0000] {logging_mixin.py:188} INFO - [2024-11-10T22:04:35.499+0000] {dag.py:3834} INFO - Setting next_dagrun for python_broker_postgres to None, run_after=None
[2024-11-10T22:04:35.513+0000] {processor.py:183} INFO - Processing /opt/airflow/dags/python_broker_postgres.py took 0.092 seconds
[2024-11-10T22:05:06.016+0000] {processor.py:161} INFO - Started process (PID=6023) to work on /opt/airflow/dags/python_broker_postgres.py
[2024-11-10T22:05:06.017+0000] {processor.py:830} INFO - Processing file /opt/airflow/dags/python_broker_postgres.py for tasks to queue
[2024-11-10T22:05:06.018+0000] {logging_mixin.py:188} INFO - [2024-11-10T22:05:06.017+0000] {dagbag.py:540} INFO - Filling up the DagBag from /opt/airflow/dags/python_broker_postgres.py
[2024-11-10T22:05:06.075+0000] {processor.py:840} INFO - DAG(s) 'python_broker_postgres' retrieved from /opt/airflow/dags/python_broker_postgres.py
[2024-11-10T22:05:06.096+0000] {logging_mixin.py:188} INFO - [2024-11-10T22:05:06.096+0000] {dag.py:3047} INFO - Sync 1 DAGs
[2024-11-10T22:05:06.107+0000] {logging_mixin.py:188} INFO - [2024-11-10T22:05:06.107+0000] {dag.py:3834} INFO - Setting next_dagrun for python_broker_postgres to None, run_after=None
[2024-11-10T22:05:06.296+0000] {processor.py:183} INFO - Processing /opt/airflow/dags/python_broker_postgres.py took 0.284 seconds
[2024-11-10T22:05:36.623+0000] {processor.py:161} INFO - Started process (PID=6045) to work on /opt/airflow/dags/python_broker_postgres.py
[2024-11-10T22:05:36.625+0000] {processor.py:830} INFO - Processing file /opt/airflow/dags/python_broker_postgres.py for tasks to queue
[2024-11-10T22:05:36.627+0000] {logging_mixin.py:188} INFO - [2024-11-10T22:05:36.626+0000] {dagbag.py:540} INFO - Filling up the DagBag from /opt/airflow/dags/python_broker_postgres.py
[2024-11-10T22:05:36.689+0000] {processor.py:840} INFO - DAG(s) 'python_broker_postgres' retrieved from /opt/airflow/dags/python_broker_postgres.py
[2024-11-10T22:05:36.709+0000] {logging_mixin.py:188} INFO - [2024-11-10T22:05:36.709+0000] {dag.py:3047} INFO - Sync 1 DAGs
[2024-11-10T22:05:36.719+0000] {logging_mixin.py:188} INFO - [2024-11-10T22:05:36.719+0000] {dag.py:3834} INFO - Setting next_dagrun for python_broker_postgres to None, run_after=None
[2024-11-10T22:05:36.733+0000] {processor.py:183} INFO - Processing /opt/airflow/dags/python_broker_postgres.py took 0.117 seconds
[2024-11-10T22:06:07.366+0000] {processor.py:161} INFO - Started process (PID=6067) to work on /opt/airflow/dags/python_broker_postgres.py
[2024-11-10T22:06:07.367+0000] {processor.py:830} INFO - Processing file /opt/airflow/dags/python_broker_postgres.py for tasks to queue
[2024-11-10T22:06:07.368+0000] {logging_mixin.py:188} INFO - [2024-11-10T22:06:07.368+0000] {dagbag.py:540} INFO - Filling up the DagBag from /opt/airflow/dags/python_broker_postgres.py
[2024-11-10T22:06:07.413+0000] {processor.py:840} INFO - DAG(s) 'python_broker_postgres' retrieved from /opt/airflow/dags/python_broker_postgres.py
[2024-11-10T22:06:07.431+0000] {logging_mixin.py:188} INFO - [2024-11-10T22:06:07.431+0000] {dag.py:3047} INFO - Sync 1 DAGs
[2024-11-10T22:06:07.441+0000] {logging_mixin.py:188} INFO - [2024-11-10T22:06:07.441+0000] {dag.py:3834} INFO - Setting next_dagrun for python_broker_postgres to None, run_after=None
[2024-11-10T22:06:07.455+0000] {processor.py:183} INFO - Processing /opt/airflow/dags/python_broker_postgres.py took 0.094 seconds
[2024-11-10T22:06:37.956+0000] {processor.py:161} INFO - Started process (PID=6089) to work on /opt/airflow/dags/python_broker_postgres.py
[2024-11-10T22:06:37.957+0000] {processor.py:830} INFO - Processing file /opt/airflow/dags/python_broker_postgres.py for tasks to queue
[2024-11-10T22:06:37.957+0000] {logging_mixin.py:188} INFO - [2024-11-10T22:06:37.957+0000] {dagbag.py:540} INFO - Filling up the DagBag from /opt/airflow/dags/python_broker_postgres.py
[2024-11-10T22:06:38.030+0000] {processor.py:840} INFO - DAG(s) 'python_broker_postgres' retrieved from /opt/airflow/dags/python_broker_postgres.py
[2024-11-10T22:06:38.049+0000] {logging_mixin.py:188} INFO - [2024-11-10T22:06:38.049+0000] {dag.py:3047} INFO - Sync 1 DAGs
[2024-11-10T22:06:38.059+0000] {logging_mixin.py:188} INFO - [2024-11-10T22:06:38.059+0000] {dag.py:3834} INFO - Setting next_dagrun for python_broker_postgres to None, run_after=None
[2024-11-10T22:06:38.075+0000] {processor.py:183} INFO - Processing /opt/airflow/dags/python_broker_postgres.py took 0.122 seconds
[2024-11-10T22:07:08.690+0000] {processor.py:161} INFO - Started process (PID=6111) to work on /opt/airflow/dags/python_broker_postgres.py
[2024-11-10T22:07:08.692+0000] {processor.py:830} INFO - Processing file /opt/airflow/dags/python_broker_postgres.py for tasks to queue
[2024-11-10T22:07:08.694+0000] {logging_mixin.py:188} INFO - [2024-11-10T22:07:08.693+0000] {dagbag.py:540} INFO - Filling up the DagBag from /opt/airflow/dags/python_broker_postgres.py
[2024-11-10T22:07:08.750+0000] {processor.py:840} INFO - DAG(s) 'python_broker_postgres' retrieved from /opt/airflow/dags/python_broker_postgres.py
[2024-11-10T22:07:08.769+0000] {logging_mixin.py:188} INFO - [2024-11-10T22:07:08.768+0000] {dag.py:3047} INFO - Sync 1 DAGs
[2024-11-10T22:07:08.778+0000] {logging_mixin.py:188} INFO - [2024-11-10T22:07:08.778+0000] {dag.py:3834} INFO - Setting next_dagrun for python_broker_postgres to None, run_after=None
[2024-11-10T22:07:08.792+0000] {processor.py:183} INFO - Processing /opt/airflow/dags/python_broker_postgres.py took 0.109 seconds
[2024-11-10T22:07:39.371+0000] {processor.py:161} INFO - Started process (PID=6133) to work on /opt/airflow/dags/python_broker_postgres.py
[2024-11-10T22:07:39.372+0000] {processor.py:830} INFO - Processing file /opt/airflow/dags/python_broker_postgres.py for tasks to queue
[2024-11-10T22:07:39.372+0000] {logging_mixin.py:188} INFO - [2024-11-10T22:07:39.372+0000] {dagbag.py:540} INFO - Filling up the DagBag from /opt/airflow/dags/python_broker_postgres.py
[2024-11-10T22:07:39.413+0000] {processor.py:840} INFO - DAG(s) 'python_broker_postgres' retrieved from /opt/airflow/dags/python_broker_postgres.py
[2024-11-10T22:07:39.435+0000] {logging_mixin.py:188} INFO - [2024-11-10T22:07:39.435+0000] {dag.py:3047} INFO - Sync 1 DAGs
[2024-11-10T22:07:39.447+0000] {logging_mixin.py:188} INFO - [2024-11-10T22:07:39.447+0000] {dag.py:3834} INFO - Setting next_dagrun for python_broker_postgres to None, run_after=None
[2024-11-10T22:07:39.464+0000] {processor.py:183} INFO - Processing /opt/airflow/dags/python_broker_postgres.py took 0.096 seconds
[2024-11-10T22:08:10.252+0000] {processor.py:161} INFO - Started process (PID=6155) to work on /opt/airflow/dags/python_broker_postgres.py
[2024-11-10T22:08:10.253+0000] {processor.py:830} INFO - Processing file /opt/airflow/dags/python_broker_postgres.py for tasks to queue
[2024-11-10T22:08:10.253+0000] {logging_mixin.py:188} INFO - [2024-11-10T22:08:10.253+0000] {dagbag.py:540} INFO - Filling up the DagBag from /opt/airflow/dags/python_broker_postgres.py
[2024-11-10T22:08:10.295+0000] {processor.py:840} INFO - DAG(s) 'python_broker_postgres' retrieved from /opt/airflow/dags/python_broker_postgres.py
[2024-11-10T22:08:10.314+0000] {logging_mixin.py:188} INFO - [2024-11-10T22:08:10.314+0000] {dag.py:3047} INFO - Sync 1 DAGs
[2024-11-10T22:08:10.324+0000] {logging_mixin.py:188} INFO - [2024-11-10T22:08:10.324+0000] {dag.py:3834} INFO - Setting next_dagrun for python_broker_postgres to None, run_after=None
[2024-11-10T22:08:10.338+0000] {processor.py:183} INFO - Processing /opt/airflow/dags/python_broker_postgres.py took 0.089 seconds
[2024-11-10T22:08:40.873+0000] {processor.py:161} INFO - Started process (PID=6177) to work on /opt/airflow/dags/python_broker_postgres.py
[2024-11-10T22:08:40.874+0000] {processor.py:830} INFO - Processing file /opt/airflow/dags/python_broker_postgres.py for tasks to queue
[2024-11-10T22:08:40.875+0000] {logging_mixin.py:188} INFO - [2024-11-10T22:08:40.875+0000] {dagbag.py:540} INFO - Filling up the DagBag from /opt/airflow/dags/python_broker_postgres.py
[2024-11-10T22:08:40.920+0000] {processor.py:840} INFO - DAG(s) 'python_broker_postgres' retrieved from /opt/airflow/dags/python_broker_postgres.py
[2024-11-10T22:08:40.939+0000] {logging_mixin.py:188} INFO - [2024-11-10T22:08:40.939+0000] {dag.py:3047} INFO - Sync 1 DAGs
[2024-11-10T22:08:40.949+0000] {logging_mixin.py:188} INFO - [2024-11-10T22:08:40.949+0000] {dag.py:3834} INFO - Setting next_dagrun for python_broker_postgres to None, run_after=None
[2024-11-10T22:08:40.965+0000] {processor.py:183} INFO - Processing /opt/airflow/dags/python_broker_postgres.py took 0.096 seconds
[2024-11-10T22:09:11.745+0000] {processor.py:161} INFO - Started process (PID=6199) to work on /opt/airflow/dags/python_broker_postgres.py
[2024-11-10T22:09:11.746+0000] {processor.py:830} INFO - Processing file /opt/airflow/dags/python_broker_postgres.py for tasks to queue
[2024-11-10T22:09:11.747+0000] {logging_mixin.py:188} INFO - [2024-11-10T22:09:11.747+0000] {dagbag.py:540} INFO - Filling up the DagBag from /opt/airflow/dags/python_broker_postgres.py
[2024-11-10T22:09:11.792+0000] {processor.py:840} INFO - DAG(s) 'python_broker_postgres' retrieved from /opt/airflow/dags/python_broker_postgres.py
[2024-11-10T22:09:11.812+0000] {logging_mixin.py:188} INFO - [2024-11-10T22:09:11.811+0000] {dag.py:3047} INFO - Sync 1 DAGs
[2024-11-10T22:09:11.822+0000] {logging_mixin.py:188} INFO - [2024-11-10T22:09:11.821+0000] {dag.py:3834} INFO - Setting next_dagrun for python_broker_postgres to None, run_after=None
[2024-11-10T22:09:11.836+0000] {processor.py:183} INFO - Processing /opt/airflow/dags/python_broker_postgres.py took 0.097 seconds
[2024-11-10T22:09:42.572+0000] {processor.py:161} INFO - Started process (PID=6221) to work on /opt/airflow/dags/python_broker_postgres.py
[2024-11-10T22:09:42.573+0000] {processor.py:830} INFO - Processing file /opt/airflow/dags/python_broker_postgres.py for tasks to queue
[2024-11-10T22:09:42.574+0000] {logging_mixin.py:188} INFO - [2024-11-10T22:09:42.574+0000] {dagbag.py:540} INFO - Filling up the DagBag from /opt/airflow/dags/python_broker_postgres.py
[2024-11-10T22:09:42.620+0000] {processor.py:840} INFO - DAG(s) 'python_broker_postgres' retrieved from /opt/airflow/dags/python_broker_postgres.py
[2024-11-10T22:09:42.639+0000] {logging_mixin.py:188} INFO - [2024-11-10T22:09:42.638+0000] {dag.py:3047} INFO - Sync 1 DAGs
[2024-11-10T22:09:42.649+0000] {logging_mixin.py:188} INFO - [2024-11-10T22:09:42.648+0000] {dag.py:3834} INFO - Setting next_dagrun for python_broker_postgres to None, run_after=None
[2024-11-10T22:09:42.662+0000] {processor.py:183} INFO - Processing /opt/airflow/dags/python_broker_postgres.py took 0.095 seconds
[2024-11-10T22:10:13.541+0000] {processor.py:161} INFO - Started process (PID=6243) to work on /opt/airflow/dags/python_broker_postgres.py
[2024-11-10T22:10:13.543+0000] {processor.py:830} INFO - Processing file /opt/airflow/dags/python_broker_postgres.py for tasks to queue
[2024-11-10T22:10:13.544+0000] {logging_mixin.py:188} INFO - [2024-11-10T22:10:13.543+0000] {dagbag.py:540} INFO - Filling up the DagBag from /opt/airflow/dags/python_broker_postgres.py
[2024-11-10T22:10:13.600+0000] {processor.py:840} INFO - DAG(s) 'python_broker_postgres' retrieved from /opt/airflow/dags/python_broker_postgres.py
[2024-11-10T22:10:13.619+0000] {logging_mixin.py:188} INFO - [2024-11-10T22:10:13.619+0000] {dag.py:3047} INFO - Sync 1 DAGs
[2024-11-10T22:10:13.631+0000] {logging_mixin.py:188} INFO - [2024-11-10T22:10:13.630+0000] {dag.py:3834} INFO - Setting next_dagrun for python_broker_postgres to None, run_after=None
[2024-11-10T22:10:13.647+0000] {processor.py:183} INFO - Processing /opt/airflow/dags/python_broker_postgres.py took 0.109 seconds
[2024-11-10T22:10:44.379+0000] {processor.py:161} INFO - Started process (PID=6265) to work on /opt/airflow/dags/python_broker_postgres.py
[2024-11-10T22:10:44.380+0000] {processor.py:830} INFO - Processing file /opt/airflow/dags/python_broker_postgres.py for tasks to queue
[2024-11-10T22:10:44.381+0000] {logging_mixin.py:188} INFO - [2024-11-10T22:10:44.380+0000] {dagbag.py:540} INFO - Filling up the DagBag from /opt/airflow/dags/python_broker_postgres.py
[2024-11-10T22:10:44.424+0000] {processor.py:840} INFO - DAG(s) 'python_broker_postgres' retrieved from /opt/airflow/dags/python_broker_postgres.py
[2024-11-10T22:10:44.444+0000] {logging_mixin.py:188} INFO - [2024-11-10T22:10:44.444+0000] {dag.py:3047} INFO - Sync 1 DAGs
[2024-11-10T22:10:44.455+0000] {logging_mixin.py:188} INFO - [2024-11-10T22:10:44.455+0000] {dag.py:3834} INFO - Setting next_dagrun for python_broker_postgres to None, run_after=None
[2024-11-10T22:10:44.470+0000] {processor.py:183} INFO - Processing /opt/airflow/dags/python_broker_postgres.py took 0.095 seconds
[2024-11-10T22:11:15.276+0000] {processor.py:161} INFO - Started process (PID=6287) to work on /opt/airflow/dags/python_broker_postgres.py
[2024-11-10T22:11:15.277+0000] {processor.py:830} INFO - Processing file /opt/airflow/dags/python_broker_postgres.py for tasks to queue
[2024-11-10T22:11:15.278+0000] {logging_mixin.py:188} INFO - [2024-11-10T22:11:15.277+0000] {dagbag.py:540} INFO - Filling up the DagBag from /opt/airflow/dags/python_broker_postgres.py
[2024-11-10T22:11:15.318+0000] {processor.py:840} INFO - DAG(s) 'python_broker_postgres' retrieved from /opt/airflow/dags/python_broker_postgres.py
[2024-11-10T22:11:15.337+0000] {logging_mixin.py:188} INFO - [2024-11-10T22:11:15.337+0000] {dag.py:3047} INFO - Sync 1 DAGs
[2024-11-10T22:11:15.347+0000] {logging_mixin.py:188} INFO - [2024-11-10T22:11:15.346+0000] {dag.py:3834} INFO - Setting next_dagrun for python_broker_postgres to None, run_after=None
[2024-11-10T22:11:15.363+0000] {processor.py:183} INFO - Processing /opt/airflow/dags/python_broker_postgres.py took 0.090 seconds
[2024-11-10T22:11:46.207+0000] {processor.py:161} INFO - Started process (PID=6309) to work on /opt/airflow/dags/python_broker_postgres.py
[2024-11-10T22:11:46.208+0000] {processor.py:830} INFO - Processing file /opt/airflow/dags/python_broker_postgres.py for tasks to queue
[2024-11-10T22:11:46.209+0000] {logging_mixin.py:188} INFO - [2024-11-10T22:11:46.209+0000] {dagbag.py:540} INFO - Filling up the DagBag from /opt/airflow/dags/python_broker_postgres.py
[2024-11-10T22:11:46.256+0000] {processor.py:840} INFO - DAG(s) 'python_broker_postgres' retrieved from /opt/airflow/dags/python_broker_postgres.py
[2024-11-10T22:11:46.275+0000] {logging_mixin.py:188} INFO - [2024-11-10T22:11:46.275+0000] {dag.py:3047} INFO - Sync 1 DAGs
[2024-11-10T22:11:46.285+0000] {logging_mixin.py:188} INFO - [2024-11-10T22:11:46.284+0000] {dag.py:3834} INFO - Setting next_dagrun for python_broker_postgres to None, run_after=None
[2024-11-10T22:11:46.299+0000] {processor.py:183} INFO - Processing /opt/airflow/dags/python_broker_postgres.py took 0.096 seconds
[2024-11-10T22:12:17.211+0000] {processor.py:161} INFO - Started process (PID=6331) to work on /opt/airflow/dags/python_broker_postgres.py
[2024-11-10T22:12:17.214+0000] {processor.py:830} INFO - Processing file /opt/airflow/dags/python_broker_postgres.py for tasks to queue
[2024-11-10T22:12:17.216+0000] {logging_mixin.py:188} INFO - [2024-11-10T22:12:17.215+0000] {dagbag.py:540} INFO - Filling up the DagBag from /opt/airflow/dags/python_broker_postgres.py
[2024-11-10T22:12:17.274+0000] {processor.py:840} INFO - DAG(s) 'python_broker_postgres' retrieved from /opt/airflow/dags/python_broker_postgres.py
[2024-11-10T22:12:17.296+0000] {logging_mixin.py:188} INFO - [2024-11-10T22:12:17.296+0000] {dag.py:3047} INFO - Sync 1 DAGs
[2024-11-10T22:12:17.307+0000] {logging_mixin.py:188} INFO - [2024-11-10T22:12:17.307+0000] {dag.py:3834} INFO - Setting next_dagrun for python_broker_postgres to None, run_after=None
[2024-11-10T22:12:17.323+0000] {processor.py:183} INFO - Processing /opt/airflow/dags/python_broker_postgres.py took 0.120 seconds
[2024-11-10T22:12:48.043+0000] {processor.py:161} INFO - Started process (PID=6353) to work on /opt/airflow/dags/python_broker_postgres.py
[2024-11-10T22:12:48.044+0000] {processor.py:830} INFO - Processing file /opt/airflow/dags/python_broker_postgres.py for tasks to queue
[2024-11-10T22:12:48.045+0000] {logging_mixin.py:188} INFO - [2024-11-10T22:12:48.045+0000] {dagbag.py:540} INFO - Filling up the DagBag from /opt/airflow/dags/python_broker_postgres.py
[2024-11-10T22:12:48.089+0000] {processor.py:840} INFO - DAG(s) 'python_broker_postgres' retrieved from /opt/airflow/dags/python_broker_postgres.py
[2024-11-10T22:12:48.109+0000] {logging_mixin.py:188} INFO - [2024-11-10T22:12:48.108+0000] {dag.py:3047} INFO - Sync 1 DAGs
[2024-11-10T22:12:48.119+0000] {logging_mixin.py:188} INFO - [2024-11-10T22:12:48.119+0000] {dag.py:3834} INFO - Setting next_dagrun for python_broker_postgres to None, run_after=None
[2024-11-10T22:12:48.136+0000] {processor.py:183} INFO - Processing /opt/airflow/dags/python_broker_postgres.py took 0.096 seconds
[2024-11-10T22:13:18.885+0000] {processor.py:161} INFO - Started process (PID=6375) to work on /opt/airflow/dags/python_broker_postgres.py
[2024-11-10T22:13:18.887+0000] {processor.py:830} INFO - Processing file /opt/airflow/dags/python_broker_postgres.py for tasks to queue
[2024-11-10T22:13:18.888+0000] {logging_mixin.py:188} INFO - [2024-11-10T22:13:18.888+0000] {dagbag.py:540} INFO - Filling up the DagBag from /opt/airflow/dags/python_broker_postgres.py
[2024-11-10T22:13:18.936+0000] {processor.py:840} INFO - DAG(s) 'python_broker_postgres' retrieved from /opt/airflow/dags/python_broker_postgres.py
[2024-11-10T22:13:18.955+0000] {logging_mixin.py:188} INFO - [2024-11-10T22:13:18.955+0000] {dag.py:3047} INFO - Sync 1 DAGs
[2024-11-10T22:13:18.965+0000] {logging_mixin.py:188} INFO - [2024-11-10T22:13:18.965+0000] {dag.py:3834} INFO - Setting next_dagrun for python_broker_postgres to None, run_after=None
[2024-11-10T22:13:18.980+0000] {processor.py:183} INFO - Processing /opt/airflow/dags/python_broker_postgres.py took 0.100 seconds
[2024-11-10T22:13:49.795+0000] {processor.py:161} INFO - Started process (PID=6397) to work on /opt/airflow/dags/python_broker_postgres.py
[2024-11-10T22:13:49.796+0000] {processor.py:830} INFO - Processing file /opt/airflow/dags/python_broker_postgres.py for tasks to queue
[2024-11-10T22:13:49.797+0000] {logging_mixin.py:188} INFO - [2024-11-10T22:13:49.797+0000] {dagbag.py:540} INFO - Filling up the DagBag from /opt/airflow/dags/python_broker_postgres.py
[2024-11-10T22:13:49.842+0000] {processor.py:840} INFO - DAG(s) 'python_broker_postgres' retrieved from /opt/airflow/dags/python_broker_postgres.py
[2024-11-10T22:13:49.861+0000] {logging_mixin.py:188} INFO - [2024-11-10T22:13:49.860+0000] {dag.py:3047} INFO - Sync 1 DAGs
[2024-11-10T22:13:49.871+0000] {logging_mixin.py:188} INFO - [2024-11-10T22:13:49.871+0000] {dag.py:3834} INFO - Setting next_dagrun for python_broker_postgres to None, run_after=None
[2024-11-10T22:13:49.886+0000] {processor.py:183} INFO - Processing /opt/airflow/dags/python_broker_postgres.py took 0.095 seconds
[2024-11-10T22:14:20.768+0000] {processor.py:161} INFO - Started process (PID=6419) to work on /opt/airflow/dags/python_broker_postgres.py
[2024-11-10T22:14:20.768+0000] {processor.py:830} INFO - Processing file /opt/airflow/dags/python_broker_postgres.py for tasks to queue
[2024-11-10T22:14:20.769+0000] {logging_mixin.py:188} INFO - [2024-11-10T22:14:20.769+0000] {dagbag.py:540} INFO - Filling up the DagBag from /opt/airflow/dags/python_broker_postgres.py
[2024-11-10T22:14:20.811+0000] {processor.py:840} INFO - DAG(s) 'python_broker_postgres' retrieved from /opt/airflow/dags/python_broker_postgres.py
[2024-11-10T22:14:20.831+0000] {logging_mixin.py:188} INFO - [2024-11-10T22:14:20.831+0000] {dag.py:3047} INFO - Sync 1 DAGs
[2024-11-10T22:14:20.841+0000] {logging_mixin.py:188} INFO - [2024-11-10T22:14:20.841+0000] {dag.py:3834} INFO - Setting next_dagrun for python_broker_postgres to None, run_after=None
[2024-11-10T22:14:20.857+0000] {processor.py:183} INFO - Processing /opt/airflow/dags/python_broker_postgres.py took 0.093 seconds
[2024-11-10T22:14:51.422+0000] {processor.py:161} INFO - Started process (PID=6441) to work on /opt/airflow/dags/python_broker_postgres.py
[2024-11-10T22:14:51.422+0000] {processor.py:830} INFO - Processing file /opt/airflow/dags/python_broker_postgres.py for tasks to queue
[2024-11-10T22:14:51.423+0000] {logging_mixin.py:188} INFO - [2024-11-10T22:14:51.423+0000] {dagbag.py:540} INFO - Filling up the DagBag from /opt/airflow/dags/python_broker_postgres.py
[2024-11-10T22:14:51.462+0000] {processor.py:840} INFO - DAG(s) 'python_broker_postgres' retrieved from /opt/airflow/dags/python_broker_postgres.py
[2024-11-10T22:14:51.480+0000] {logging_mixin.py:188} INFO - [2024-11-10T22:14:51.480+0000] {dag.py:3047} INFO - Sync 1 DAGs
[2024-11-10T22:14:51.490+0000] {logging_mixin.py:188} INFO - [2024-11-10T22:14:51.490+0000] {dag.py:3834} INFO - Setting next_dagrun for python_broker_postgres to None, run_after=None
[2024-11-10T22:14:51.506+0000] {processor.py:183} INFO - Processing /opt/airflow/dags/python_broker_postgres.py took 0.088 seconds
[2024-11-10T22:15:22.299+0000] {processor.py:161} INFO - Started process (PID=6463) to work on /opt/airflow/dags/python_broker_postgres.py
[2024-11-10T22:15:22.300+0000] {processor.py:830} INFO - Processing file /opt/airflow/dags/python_broker_postgres.py for tasks to queue
[2024-11-10T22:15:22.301+0000] {logging_mixin.py:188} INFO - [2024-11-10T22:15:22.301+0000] {dagbag.py:540} INFO - Filling up the DagBag from /opt/airflow/dags/python_broker_postgres.py
[2024-11-10T22:15:22.355+0000] {processor.py:840} INFO - DAG(s) 'python_broker_postgres' retrieved from /opt/airflow/dags/python_broker_postgres.py
[2024-11-10T22:15:22.376+0000] {logging_mixin.py:188} INFO - [2024-11-10T22:15:22.376+0000] {dag.py:3047} INFO - Sync 1 DAGs
[2024-11-10T22:15:22.387+0000] {logging_mixin.py:188} INFO - [2024-11-10T22:15:22.387+0000] {dag.py:3834} INFO - Setting next_dagrun for python_broker_postgres to None, run_after=None
[2024-11-10T22:15:22.402+0000] {processor.py:183} INFO - Processing /opt/airflow/dags/python_broker_postgres.py took 0.107 seconds
[2024-11-10T22:15:53.002+0000] {processor.py:161} INFO - Started process (PID=6485) to work on /opt/airflow/dags/python_broker_postgres.py
[2024-11-10T22:15:53.003+0000] {processor.py:830} INFO - Processing file /opt/airflow/dags/python_broker_postgres.py for tasks to queue
[2024-11-10T22:15:53.004+0000] {logging_mixin.py:188} INFO - [2024-11-10T22:15:53.004+0000] {dagbag.py:540} INFO - Filling up the DagBag from /opt/airflow/dags/python_broker_postgres.py
[2024-11-10T22:15:53.044+0000] {processor.py:840} INFO - DAG(s) 'python_broker_postgres' retrieved from /opt/airflow/dags/python_broker_postgres.py
[2024-11-10T22:15:53.063+0000] {logging_mixin.py:188} INFO - [2024-11-10T22:15:53.063+0000] {dag.py:3047} INFO - Sync 1 DAGs
[2024-11-10T22:15:53.074+0000] {logging_mixin.py:188} INFO - [2024-11-10T22:15:53.074+0000] {dag.py:3834} INFO - Setting next_dagrun for python_broker_postgres to None, run_after=None
[2024-11-10T22:15:53.090+0000] {processor.py:183} INFO - Processing /opt/airflow/dags/python_broker_postgres.py took 0.091 seconds
[2024-11-10T22:16:23.927+0000] {processor.py:161} INFO - Started process (PID=6507) to work on /opt/airflow/dags/python_broker_postgres.py
[2024-11-10T22:16:23.929+0000] {processor.py:830} INFO - Processing file /opt/airflow/dags/python_broker_postgres.py for tasks to queue
[2024-11-10T22:16:23.930+0000] {logging_mixin.py:188} INFO - [2024-11-10T22:16:23.929+0000] {dagbag.py:540} INFO - Filling up the DagBag from /opt/airflow/dags/python_broker_postgres.py
[2024-11-10T22:16:23.974+0000] {processor.py:840} INFO - DAG(s) 'python_broker_postgres' retrieved from /opt/airflow/dags/python_broker_postgres.py
[2024-11-10T22:16:23.992+0000] {logging_mixin.py:188} INFO - [2024-11-10T22:16:23.992+0000] {dag.py:3047} INFO - Sync 1 DAGs
[2024-11-10T22:16:24.003+0000] {logging_mixin.py:188} INFO - [2024-11-10T22:16:24.003+0000] {dag.py:3834} INFO - Setting next_dagrun for python_broker_postgres to None, run_after=None
[2024-11-10T22:16:24.019+0000] {processor.py:183} INFO - Processing /opt/airflow/dags/python_broker_postgres.py took 0.097 seconds
[2024-11-10T22:16:54.774+0000] {processor.py:161} INFO - Started process (PID=6529) to work on /opt/airflow/dags/python_broker_postgres.py
[2024-11-10T22:16:54.775+0000] {processor.py:830} INFO - Processing file /opt/airflow/dags/python_broker_postgres.py for tasks to queue
[2024-11-10T22:16:54.776+0000] {logging_mixin.py:188} INFO - [2024-11-10T22:16:54.776+0000] {dagbag.py:540} INFO - Filling up the DagBag from /opt/airflow/dags/python_broker_postgres.py
[2024-11-10T22:16:54.815+0000] {processor.py:840} INFO - DAG(s) 'python_broker_postgres' retrieved from /opt/airflow/dags/python_broker_postgres.py
[2024-11-10T22:16:54.834+0000] {logging_mixin.py:188} INFO - [2024-11-10T22:16:54.834+0000] {dag.py:3047} INFO - Sync 1 DAGs
[2024-11-10T22:16:54.844+0000] {logging_mixin.py:188} INFO - [2024-11-10T22:16:54.844+0000] {dag.py:3834} INFO - Setting next_dagrun for python_broker_postgres to None, run_after=None
[2024-11-10T22:16:54.859+0000] {processor.py:183} INFO - Processing /opt/airflow/dags/python_broker_postgres.py took 0.088 seconds
[2024-11-10T22:17:25.541+0000] {processor.py:161} INFO - Started process (PID=6551) to work on /opt/airflow/dags/python_broker_postgres.py
[2024-11-10T22:17:25.541+0000] {processor.py:830} INFO - Processing file /opt/airflow/dags/python_broker_postgres.py for tasks to queue
[2024-11-10T22:17:25.542+0000] {logging_mixin.py:188} INFO - [2024-11-10T22:17:25.542+0000] {dagbag.py:540} INFO - Filling up the DagBag from /opt/airflow/dags/python_broker_postgres.py
[2024-11-10T22:17:25.583+0000] {processor.py:840} INFO - DAG(s) 'python_broker_postgres' retrieved from /opt/airflow/dags/python_broker_postgres.py
[2024-11-10T22:17:25.603+0000] {logging_mixin.py:188} INFO - [2024-11-10T22:17:25.603+0000] {dag.py:3047} INFO - Sync 1 DAGs
[2024-11-10T22:17:25.613+0000] {logging_mixin.py:188} INFO - [2024-11-10T22:17:25.613+0000] {dag.py:3834} INFO - Setting next_dagrun for python_broker_postgres to None, run_after=None
[2024-11-10T22:17:25.630+0000] {processor.py:183} INFO - Processing /opt/airflow/dags/python_broker_postgres.py took 0.093 seconds
[2024-11-10T22:17:56.323+0000] {processor.py:161} INFO - Started process (PID=6573) to work on /opt/airflow/dags/python_broker_postgres.py
[2024-11-10T22:17:56.324+0000] {processor.py:830} INFO - Processing file /opt/airflow/dags/python_broker_postgres.py for tasks to queue
[2024-11-10T22:17:56.325+0000] {logging_mixin.py:188} INFO - [2024-11-10T22:17:56.325+0000] {dagbag.py:540} INFO - Filling up the DagBag from /opt/airflow/dags/python_broker_postgres.py
[2024-11-10T22:17:56.364+0000] {processor.py:840} INFO - DAG(s) 'python_broker_postgres' retrieved from /opt/airflow/dags/python_broker_postgres.py
[2024-11-10T22:17:56.384+0000] {logging_mixin.py:188} INFO - [2024-11-10T22:17:56.384+0000] {dag.py:3047} INFO - Sync 1 DAGs
[2024-11-10T22:17:56.395+0000] {logging_mixin.py:188} INFO - [2024-11-10T22:17:56.394+0000] {dag.py:3834} INFO - Setting next_dagrun for python_broker_postgres to None, run_after=None
[2024-11-10T22:17:56.410+0000] {processor.py:183} INFO - Processing /opt/airflow/dags/python_broker_postgres.py took 0.090 seconds
[2024-11-10T22:18:26.971+0000] {processor.py:161} INFO - Started process (PID=6595) to work on /opt/airflow/dags/python_broker_postgres.py
[2024-11-10T22:18:26.971+0000] {processor.py:830} INFO - Processing file /opt/airflow/dags/python_broker_postgres.py for tasks to queue
[2024-11-10T22:18:26.972+0000] {logging_mixin.py:188} INFO - [2024-11-10T22:18:26.972+0000] {dagbag.py:540} INFO - Filling up the DagBag from /opt/airflow/dags/python_broker_postgres.py
[2024-11-10T22:18:27.017+0000] {processor.py:840} INFO - DAG(s) 'python_broker_postgres' retrieved from /opt/airflow/dags/python_broker_postgres.py
[2024-11-10T22:18:27.037+0000] {logging_mixin.py:188} INFO - [2024-11-10T22:18:27.037+0000] {dag.py:3047} INFO - Sync 1 DAGs
[2024-11-10T22:18:27.046+0000] {logging_mixin.py:188} INFO - [2024-11-10T22:18:27.046+0000] {dag.py:3834} INFO - Setting next_dagrun for python_broker_postgres to None, run_after=None
[2024-11-10T22:18:27.061+0000] {processor.py:183} INFO - Processing /opt/airflow/dags/python_broker_postgres.py took 0.094 seconds
[2024-11-10T22:18:57.763+0000] {processor.py:161} INFO - Started process (PID=6617) to work on /opt/airflow/dags/python_broker_postgres.py
[2024-11-10T22:18:57.763+0000] {processor.py:830} INFO - Processing file /opt/airflow/dags/python_broker_postgres.py for tasks to queue
[2024-11-10T22:18:57.765+0000] {logging_mixin.py:188} INFO - [2024-11-10T22:18:57.764+0000] {dagbag.py:540} INFO - Filling up the DagBag from /opt/airflow/dags/python_broker_postgres.py
[2024-11-10T22:18:57.810+0000] {processor.py:840} INFO - DAG(s) 'python_broker_postgres' retrieved from /opt/airflow/dags/python_broker_postgres.py
[2024-11-10T22:18:57.829+0000] {logging_mixin.py:188} INFO - [2024-11-10T22:18:57.829+0000] {dag.py:3047} INFO - Sync 1 DAGs
[2024-11-10T22:18:57.840+0000] {logging_mixin.py:188} INFO - [2024-11-10T22:18:57.840+0000] {dag.py:3834} INFO - Setting next_dagrun for python_broker_postgres to None, run_after=None
[2024-11-10T22:18:57.854+0000] {processor.py:183} INFO - Processing /opt/airflow/dags/python_broker_postgres.py took 0.096 seconds
[2024-11-10T22:19:28.510+0000] {processor.py:161} INFO - Started process (PID=6639) to work on /opt/airflow/dags/python_broker_postgres.py
[2024-11-10T22:19:28.511+0000] {processor.py:830} INFO - Processing file /opt/airflow/dags/python_broker_postgres.py for tasks to queue
[2024-11-10T22:19:28.511+0000] {logging_mixin.py:188} INFO - [2024-11-10T22:19:28.511+0000] {dagbag.py:540} INFO - Filling up the DagBag from /opt/airflow/dags/python_broker_postgres.py
[2024-11-10T22:19:28.553+0000] {processor.py:840} INFO - DAG(s) 'python_broker_postgres' retrieved from /opt/airflow/dags/python_broker_postgres.py
[2024-11-10T22:19:28.573+0000] {logging_mixin.py:188} INFO - [2024-11-10T22:19:28.572+0000] {dag.py:3047} INFO - Sync 1 DAGs
[2024-11-10T22:19:28.583+0000] {logging_mixin.py:188} INFO - [2024-11-10T22:19:28.583+0000] {dag.py:3834} INFO - Setting next_dagrun for python_broker_postgres to None, run_after=None
[2024-11-10T22:19:28.598+0000] {processor.py:183} INFO - Processing /opt/airflow/dags/python_broker_postgres.py took 0.092 seconds
[2024-11-10T22:19:59.104+0000] {processor.py:161} INFO - Started process (PID=6661) to work on /opt/airflow/dags/python_broker_postgres.py
[2024-11-10T22:19:59.105+0000] {processor.py:830} INFO - Processing file /opt/airflow/dags/python_broker_postgres.py for tasks to queue
[2024-11-10T22:19:59.106+0000] {logging_mixin.py:188} INFO - [2024-11-10T22:19:59.105+0000] {dagbag.py:540} INFO - Filling up the DagBag from /opt/airflow/dags/python_broker_postgres.py
[2024-11-10T22:19:59.154+0000] {processor.py:840} INFO - DAG(s) 'python_broker_postgres' retrieved from /opt/airflow/dags/python_broker_postgres.py
[2024-11-10T22:19:59.177+0000] {logging_mixin.py:188} INFO - [2024-11-10T22:19:59.177+0000] {dag.py:3047} INFO - Sync 1 DAGs
[2024-11-10T22:19:59.190+0000] {logging_mixin.py:188} INFO - [2024-11-10T22:19:59.190+0000] {dag.py:3834} INFO - Setting next_dagrun for python_broker_postgres to None, run_after=None
[2024-11-10T22:19:59.204+0000] {processor.py:183} INFO - Processing /opt/airflow/dags/python_broker_postgres.py took 0.103 seconds
[2024-11-10T22:20:29.705+0000] {processor.py:161} INFO - Started process (PID=6683) to work on /opt/airflow/dags/python_broker_postgres.py
[2024-11-10T22:20:29.706+0000] {processor.py:830} INFO - Processing file /opt/airflow/dags/python_broker_postgres.py for tasks to queue
[2024-11-10T22:20:29.707+0000] {logging_mixin.py:188} INFO - [2024-11-10T22:20:29.707+0000] {dagbag.py:540} INFO - Filling up the DagBag from /opt/airflow/dags/python_broker_postgres.py
[2024-11-10T22:20:29.753+0000] {processor.py:840} INFO - DAG(s) 'python_broker_postgres' retrieved from /opt/airflow/dags/python_broker_postgres.py
[2024-11-10T22:20:29.772+0000] {logging_mixin.py:188} INFO - [2024-11-10T22:20:29.772+0000] {dag.py:3047} INFO - Sync 1 DAGs
[2024-11-10T22:20:29.783+0000] {logging_mixin.py:188} INFO - [2024-11-10T22:20:29.783+0000] {dag.py:3834} INFO - Setting next_dagrun for python_broker_postgres to None, run_after=None
[2024-11-10T22:20:29.798+0000] {processor.py:183} INFO - Processing /opt/airflow/dags/python_broker_postgres.py took 0.097 seconds
[2024-11-10T22:21:00.547+0000] {processor.py:161} INFO - Started process (PID=6705) to work on /opt/airflow/dags/python_broker_postgres.py
[2024-11-10T22:21:00.548+0000] {processor.py:830} INFO - Processing file /opt/airflow/dags/python_broker_postgres.py for tasks to queue
[2024-11-10T22:21:00.548+0000] {logging_mixin.py:188} INFO - [2024-11-10T22:21:00.548+0000] {dagbag.py:540} INFO - Filling up the DagBag from /opt/airflow/dags/python_broker_postgres.py
[2024-11-10T22:21:00.590+0000] {processor.py:840} INFO - DAG(s) 'python_broker_postgres' retrieved from /opt/airflow/dags/python_broker_postgres.py
[2024-11-10T22:21:00.612+0000] {logging_mixin.py:188} INFO - [2024-11-10T22:21:00.612+0000] {dag.py:3047} INFO - Sync 1 DAGs
[2024-11-10T22:21:00.623+0000] {logging_mixin.py:188} INFO - [2024-11-10T22:21:00.623+0000] {dag.py:3834} INFO - Setting next_dagrun for python_broker_postgres to None, run_after=None
[2024-11-10T22:21:00.638+0000] {processor.py:183} INFO - Processing /opt/airflow/dags/python_broker_postgres.py took 0.094 seconds
[2024-11-10T22:21:31.258+0000] {processor.py:161} INFO - Started process (PID=6727) to work on /opt/airflow/dags/python_broker_postgres.py
[2024-11-10T22:21:31.260+0000] {processor.py:830} INFO - Processing file /opt/airflow/dags/python_broker_postgres.py for tasks to queue
[2024-11-10T22:21:31.261+0000] {logging_mixin.py:188} INFO - [2024-11-10T22:21:31.260+0000] {dagbag.py:540} INFO - Filling up the DagBag from /opt/airflow/dags/python_broker_postgres.py
[2024-11-10T22:21:31.305+0000] {processor.py:840} INFO - DAG(s) 'python_broker_postgres' retrieved from /opt/airflow/dags/python_broker_postgres.py
[2024-11-10T22:21:31.325+0000] {logging_mixin.py:188} INFO - [2024-11-10T22:21:31.324+0000] {dag.py:3047} INFO - Sync 1 DAGs
[2024-11-10T22:21:31.334+0000] {logging_mixin.py:188} INFO - [2024-11-10T22:21:31.334+0000] {dag.py:3834} INFO - Setting next_dagrun for python_broker_postgres to None, run_after=None
[2024-11-10T22:21:31.349+0000] {processor.py:183} INFO - Processing /opt/airflow/dags/python_broker_postgres.py took 0.098 seconds
[2024-11-10T22:22:01.988+0000] {processor.py:161} INFO - Started process (PID=6749) to work on /opt/airflow/dags/python_broker_postgres.py
[2024-11-10T22:22:01.989+0000] {processor.py:830} INFO - Processing file /opt/airflow/dags/python_broker_postgres.py for tasks to queue
[2024-11-10T22:22:01.990+0000] {logging_mixin.py:188} INFO - [2024-11-10T22:22:01.989+0000] {dagbag.py:540} INFO - Filling up the DagBag from /opt/airflow/dags/python_broker_postgres.py
[2024-11-10T22:22:02.034+0000] {processor.py:840} INFO - DAG(s) 'python_broker_postgres' retrieved from /opt/airflow/dags/python_broker_postgres.py
[2024-11-10T22:22:02.053+0000] {logging_mixin.py:188} INFO - [2024-11-10T22:22:02.053+0000] {dag.py:3047} INFO - Sync 1 DAGs
[2024-11-10T22:22:02.063+0000] {logging_mixin.py:188} INFO - [2024-11-10T22:22:02.063+0000] {dag.py:3834} INFO - Setting next_dagrun for python_broker_postgres to None, run_after=None
[2024-11-10T22:22:02.077+0000] {processor.py:183} INFO - Processing /opt/airflow/dags/python_broker_postgres.py took 0.092 seconds
[2024-11-10T22:22:32.665+0000] {processor.py:161} INFO - Started process (PID=6771) to work on /opt/airflow/dags/python_broker_postgres.py
[2024-11-10T22:22:32.666+0000] {processor.py:830} INFO - Processing file /opt/airflow/dags/python_broker_postgres.py for tasks to queue
[2024-11-10T22:22:32.667+0000] {logging_mixin.py:188} INFO - [2024-11-10T22:22:32.666+0000] {dagbag.py:540} INFO - Filling up the DagBag from /opt/airflow/dags/python_broker_postgres.py
[2024-11-10T22:22:32.705+0000] {processor.py:840} INFO - DAG(s) 'python_broker_postgres' retrieved from /opt/airflow/dags/python_broker_postgres.py
[2024-11-10T22:22:32.724+0000] {logging_mixin.py:188} INFO - [2024-11-10T22:22:32.724+0000] {dag.py:3047} INFO - Sync 1 DAGs
[2024-11-10T22:22:32.734+0000] {logging_mixin.py:188} INFO - [2024-11-10T22:22:32.734+0000] {dag.py:3834} INFO - Setting next_dagrun for python_broker_postgres to None, run_after=None
[2024-11-10T22:22:32.750+0000] {processor.py:183} INFO - Processing /opt/airflow/dags/python_broker_postgres.py took 0.089 seconds
[2024-11-10T22:23:03.329+0000] {processor.py:161} INFO - Started process (PID=6793) to work on /opt/airflow/dags/python_broker_postgres.py
[2024-11-10T22:23:03.330+0000] {processor.py:830} INFO - Processing file /opt/airflow/dags/python_broker_postgres.py for tasks to queue
[2024-11-10T22:23:03.332+0000] {logging_mixin.py:188} INFO - [2024-11-10T22:23:03.331+0000] {dagbag.py:540} INFO - Filling up the DagBag from /opt/airflow/dags/python_broker_postgres.py
[2024-11-10T22:23:03.371+0000] {processor.py:840} INFO - DAG(s) 'python_broker_postgres' retrieved from /opt/airflow/dags/python_broker_postgres.py
[2024-11-10T22:23:03.390+0000] {logging_mixin.py:188} INFO - [2024-11-10T22:23:03.390+0000] {dag.py:3047} INFO - Sync 1 DAGs
[2024-11-10T22:23:03.400+0000] {logging_mixin.py:188} INFO - [2024-11-10T22:23:03.400+0000] {dag.py:3834} INFO - Setting next_dagrun for python_broker_postgres to None, run_after=None
[2024-11-10T22:23:03.414+0000] {processor.py:183} INFO - Processing /opt/airflow/dags/python_broker_postgres.py took 0.090 seconds
[2024-11-10T22:23:33.466+0000] {processor.py:161} INFO - Started process (PID=6815) to work on /opt/airflow/dags/python_broker_postgres.py
[2024-11-10T22:23:33.467+0000] {processor.py:830} INFO - Processing file /opt/airflow/dags/python_broker_postgres.py for tasks to queue
[2024-11-10T22:23:33.468+0000] {logging_mixin.py:188} INFO - [2024-11-10T22:23:33.468+0000] {dagbag.py:540} INFO - Filling up the DagBag from /opt/airflow/dags/python_broker_postgres.py
[2024-11-10T22:23:33.510+0000] {processor.py:840} INFO - DAG(s) 'python_broker_postgres' retrieved from /opt/airflow/dags/python_broker_postgres.py
[2024-11-10T22:23:33.530+0000] {logging_mixin.py:188} INFO - [2024-11-10T22:23:33.529+0000] {dag.py:3047} INFO - Sync 1 DAGs
[2024-11-10T22:23:33.540+0000] {logging_mixin.py:188} INFO - [2024-11-10T22:23:33.540+0000] {dag.py:3834} INFO - Setting next_dagrun for python_broker_postgres to None, run_after=None
[2024-11-10T22:23:33.558+0000] {processor.py:183} INFO - Processing /opt/airflow/dags/python_broker_postgres.py took 0.096 seconds
[2024-11-10T22:24:04.127+0000] {processor.py:161} INFO - Started process (PID=6837) to work on /opt/airflow/dags/python_broker_postgres.py
[2024-11-10T22:24:04.127+0000] {processor.py:830} INFO - Processing file /opt/airflow/dags/python_broker_postgres.py for tasks to queue
[2024-11-10T22:24:04.128+0000] {logging_mixin.py:188} INFO - [2024-11-10T22:24:04.128+0000] {dagbag.py:540} INFO - Filling up the DagBag from /opt/airflow/dags/python_broker_postgres.py
[2024-11-10T22:24:04.169+0000] {processor.py:840} INFO - DAG(s) 'python_broker_postgres' retrieved from /opt/airflow/dags/python_broker_postgres.py
[2024-11-10T22:24:04.189+0000] {logging_mixin.py:188} INFO - [2024-11-10T22:24:04.189+0000] {dag.py:3047} INFO - Sync 1 DAGs
[2024-11-10T22:24:04.200+0000] {logging_mixin.py:188} INFO - [2024-11-10T22:24:04.199+0000] {dag.py:3834} INFO - Setting next_dagrun for python_broker_postgres to None, run_after=None
[2024-11-10T22:24:04.216+0000] {processor.py:183} INFO - Processing /opt/airflow/dags/python_broker_postgres.py took 0.092 seconds
[2024-11-10T22:24:34.687+0000] {processor.py:161} INFO - Started process (PID=6859) to work on /opt/airflow/dags/python_broker_postgres.py
[2024-11-10T22:24:34.688+0000] {processor.py:830} INFO - Processing file /opt/airflow/dags/python_broker_postgres.py for tasks to queue
[2024-11-10T22:24:34.690+0000] {logging_mixin.py:188} INFO - [2024-11-10T22:24:34.689+0000] {dagbag.py:540} INFO - Filling up the DagBag from /opt/airflow/dags/python_broker_postgres.py
[2024-11-10T22:24:34.741+0000] {processor.py:840} INFO - DAG(s) 'python_broker_postgres' retrieved from /opt/airflow/dags/python_broker_postgres.py
[2024-11-10T22:24:34.760+0000] {logging_mixin.py:188} INFO - [2024-11-10T22:24:34.760+0000] {dag.py:3047} INFO - Sync 1 DAGs
[2024-11-10T22:24:34.771+0000] {logging_mixin.py:188} INFO - [2024-11-10T22:24:34.771+0000] {dag.py:3834} INFO - Setting next_dagrun for python_broker_postgres to None, run_after=None
[2024-11-10T22:24:34.786+0000] {processor.py:183} INFO - Processing /opt/airflow/dags/python_broker_postgres.py took 0.103 seconds
[2024-11-10T22:25:05.384+0000] {processor.py:161} INFO - Started process (PID=6881) to work on /opt/airflow/dags/python_broker_postgres.py
[2024-11-10T22:25:05.385+0000] {processor.py:830} INFO - Processing file /opt/airflow/dags/python_broker_postgres.py for tasks to queue
[2024-11-10T22:25:05.386+0000] {logging_mixin.py:188} INFO - [2024-11-10T22:25:05.385+0000] {dagbag.py:540} INFO - Filling up the DagBag from /opt/airflow/dags/python_broker_postgres.py
[2024-11-10T22:25:05.425+0000] {processor.py:840} INFO - DAG(s) 'python_broker_postgres' retrieved from /opt/airflow/dags/python_broker_postgres.py
[2024-11-10T22:25:05.445+0000] {logging_mixin.py:188} INFO - [2024-11-10T22:25:05.445+0000] {dag.py:3047} INFO - Sync 1 DAGs
[2024-11-10T22:25:05.456+0000] {logging_mixin.py:188} INFO - [2024-11-10T22:25:05.456+0000] {dag.py:3834} INFO - Setting next_dagrun for python_broker_postgres to None, run_after=None
[2024-11-10T22:25:05.471+0000] {processor.py:183} INFO - Processing /opt/airflow/dags/python_broker_postgres.py took 0.089 seconds
[2024-11-10T22:25:35.553+0000] {processor.py:161} INFO - Started process (PID=6903) to work on /opt/airflow/dags/python_broker_postgres.py
[2024-11-10T22:25:35.553+0000] {processor.py:830} INFO - Processing file /opt/airflow/dags/python_broker_postgres.py for tasks to queue
[2024-11-10T22:25:35.554+0000] {logging_mixin.py:188} INFO - [2024-11-10T22:25:35.554+0000] {dagbag.py:540} INFO - Filling up the DagBag from /opt/airflow/dags/python_broker_postgres.py
[2024-11-10T22:25:35.596+0000] {processor.py:840} INFO - DAG(s) 'python_broker_postgres' retrieved from /opt/airflow/dags/python_broker_postgres.py
[2024-11-10T22:25:35.614+0000] {logging_mixin.py:188} INFO - [2024-11-10T22:25:35.614+0000] {dag.py:3047} INFO - Sync 1 DAGs
[2024-11-10T22:25:35.624+0000] {logging_mixin.py:188} INFO - [2024-11-10T22:25:35.624+0000] {dag.py:3834} INFO - Setting next_dagrun for python_broker_postgres to None, run_after=None
[2024-11-10T22:25:35.641+0000] {processor.py:183} INFO - Processing /opt/airflow/dags/python_broker_postgres.py took 0.091 seconds
[2024-11-10T22:26:06.371+0000] {processor.py:161} INFO - Started process (PID=6931) to work on /opt/airflow/dags/python_broker_postgres.py
[2024-11-10T22:26:06.371+0000] {processor.py:830} INFO - Processing file /opt/airflow/dags/python_broker_postgres.py for tasks to queue
[2024-11-10T22:26:06.372+0000] {logging_mixin.py:188} INFO - [2024-11-10T22:26:06.372+0000] {dagbag.py:540} INFO - Filling up the DagBag from /opt/airflow/dags/python_broker_postgres.py
[2024-11-10T22:26:06.415+0000] {processor.py:840} INFO - DAG(s) 'python_broker_postgres' retrieved from /opt/airflow/dags/python_broker_postgres.py
[2024-11-10T22:26:06.435+0000] {logging_mixin.py:188} INFO - [2024-11-10T22:26:06.434+0000] {dag.py:3047} INFO - Sync 1 DAGs
[2024-11-10T22:26:06.445+0000] {logging_mixin.py:188} INFO - [2024-11-10T22:26:06.444+0000] {dag.py:3834} INFO - Setting next_dagrun for python_broker_postgres to None, run_after=None
[2024-11-10T22:26:06.460+0000] {processor.py:183} INFO - Processing /opt/airflow/dags/python_broker_postgres.py took 0.092 seconds
[2024-11-10T22:26:36.586+0000] {processor.py:161} INFO - Started process (PID=6953) to work on /opt/airflow/dags/python_broker_postgres.py
[2024-11-10T22:26:36.587+0000] {processor.py:830} INFO - Processing file /opt/airflow/dags/python_broker_postgres.py for tasks to queue
[2024-11-10T22:26:36.589+0000] {logging_mixin.py:188} INFO - [2024-11-10T22:26:36.589+0000] {dagbag.py:540} INFO - Filling up the DagBag from /opt/airflow/dags/python_broker_postgres.py
[2024-11-10T22:26:36.645+0000] {processor.py:840} INFO - DAG(s) 'python_broker_postgres' retrieved from /opt/airflow/dags/python_broker_postgres.py
[2024-11-10T22:26:36.664+0000] {logging_mixin.py:188} INFO - [2024-11-10T22:26:36.664+0000] {dag.py:3047} INFO - Sync 1 DAGs
[2024-11-10T22:26:36.674+0000] {logging_mixin.py:188} INFO - [2024-11-10T22:26:36.673+0000] {dag.py:3834} INFO - Setting next_dagrun for python_broker_postgres to None, run_after=None
[2024-11-10T22:26:36.688+0000] {processor.py:183} INFO - Processing /opt/airflow/dags/python_broker_postgres.py took 0.110 seconds
[2024-11-10T22:27:06.838+0000] {processor.py:161} INFO - Started process (PID=6975) to work on /opt/airflow/dags/python_broker_postgres.py
[2024-11-10T22:27:06.839+0000] {processor.py:830} INFO - Processing file /opt/airflow/dags/python_broker_postgres.py for tasks to queue
[2024-11-10T22:27:06.841+0000] {logging_mixin.py:188} INFO - [2024-11-10T22:27:06.840+0000] {dagbag.py:540} INFO - Filling up the DagBag from /opt/airflow/dags/python_broker_postgres.py
[2024-11-10T22:27:06.887+0000] {processor.py:840} INFO - DAG(s) 'python_broker_postgres' retrieved from /opt/airflow/dags/python_broker_postgres.py
[2024-11-10T22:27:06.907+0000] {logging_mixin.py:188} INFO - [2024-11-10T22:27:06.907+0000] {dag.py:3047} INFO - Sync 1 DAGs
[2024-11-10T22:27:06.917+0000] {logging_mixin.py:188} INFO - [2024-11-10T22:27:06.917+0000] {dag.py:3834} INFO - Setting next_dagrun for python_broker_postgres to None, run_after=None
[2024-11-10T22:27:06.931+0000] {processor.py:183} INFO - Processing /opt/airflow/dags/python_broker_postgres.py took 0.097 seconds
[2024-11-10T22:27:37.074+0000] {processor.py:161} INFO - Started process (PID=6997) to work on /opt/airflow/dags/python_broker_postgres.py
[2024-11-10T22:27:37.075+0000] {processor.py:830} INFO - Processing file /opt/airflow/dags/python_broker_postgres.py for tasks to queue
[2024-11-10T22:27:37.076+0000] {logging_mixin.py:188} INFO - [2024-11-10T22:27:37.076+0000] {dagbag.py:540} INFO - Filling up the DagBag from /opt/airflow/dags/python_broker_postgres.py
[2024-11-10T22:27:37.117+0000] {processor.py:840} INFO - DAG(s) 'python_broker_postgres' retrieved from /opt/airflow/dags/python_broker_postgres.py
[2024-11-10T22:27:37.136+0000] {logging_mixin.py:188} INFO - [2024-11-10T22:27:37.136+0000] {dag.py:3047} INFO - Sync 1 DAGs
[2024-11-10T22:27:37.149+0000] {logging_mixin.py:188} INFO - [2024-11-10T22:27:37.149+0000] {dag.py:3834} INFO - Setting next_dagrun for python_broker_postgres to None, run_after=None
[2024-11-10T22:27:37.165+0000] {processor.py:183} INFO - Processing /opt/airflow/dags/python_broker_postgres.py took 0.094 seconds
[2024-11-10T22:28:07.423+0000] {processor.py:161} INFO - Started process (PID=7019) to work on /opt/airflow/dags/python_broker_postgres.py
[2024-11-10T22:28:07.424+0000] {processor.py:830} INFO - Processing file /opt/airflow/dags/python_broker_postgres.py for tasks to queue
[2024-11-10T22:28:07.425+0000] {logging_mixin.py:188} INFO - [2024-11-10T22:28:07.425+0000] {dagbag.py:540} INFO - Filling up the DagBag from /opt/airflow/dags/python_broker_postgres.py
[2024-11-10T22:28:07.470+0000] {processor.py:840} INFO - DAG(s) 'python_broker_postgres' retrieved from /opt/airflow/dags/python_broker_postgres.py
[2024-11-10T22:28:07.490+0000] {logging_mixin.py:188} INFO - [2024-11-10T22:28:07.489+0000] {dag.py:3047} INFO - Sync 1 DAGs
[2024-11-10T22:28:07.500+0000] {logging_mixin.py:188} INFO - [2024-11-10T22:28:07.499+0000] {dag.py:3834} INFO - Setting next_dagrun for python_broker_postgres to None, run_after=None
[2024-11-10T22:28:07.514+0000] {processor.py:183} INFO - Processing /opt/airflow/dags/python_broker_postgres.py took 0.095 seconds
[2024-11-10T22:28:37.701+0000] {processor.py:161} INFO - Started process (PID=7042) to work on /opt/airflow/dags/python_broker_postgres.py
[2024-11-10T22:28:37.702+0000] {processor.py:830} INFO - Processing file /opt/airflow/dags/python_broker_postgres.py for tasks to queue
[2024-11-10T22:28:37.704+0000] {logging_mixin.py:188} INFO - [2024-11-10T22:28:37.703+0000] {dagbag.py:540} INFO - Filling up the DagBag from /opt/airflow/dags/python_broker_postgres.py
[2024-11-10T22:28:37.747+0000] {processor.py:840} INFO - DAG(s) 'python_broker_postgres' retrieved from /opt/airflow/dags/python_broker_postgres.py
[2024-11-10T22:28:37.766+0000] {logging_mixin.py:188} INFO - [2024-11-10T22:28:37.766+0000] {dag.py:3047} INFO - Sync 1 DAGs
[2024-11-10T22:28:37.777+0000] {logging_mixin.py:188} INFO - [2024-11-10T22:28:37.776+0000] {dag.py:3834} INFO - Setting next_dagrun for python_broker_postgres to None, run_after=None
[2024-11-10T22:28:37.880+0000] {processor.py:183} INFO - Processing /opt/airflow/dags/python_broker_postgres.py took 0.183 seconds
[2024-11-10T22:29:08.030+0000] {processor.py:161} INFO - Started process (PID=7064) to work on /opt/airflow/dags/python_broker_postgres.py
[2024-11-10T22:29:08.031+0000] {processor.py:830} INFO - Processing file /opt/airflow/dags/python_broker_postgres.py for tasks to queue
[2024-11-10T22:29:08.032+0000] {logging_mixin.py:188} INFO - [2024-11-10T22:29:08.032+0000] {dagbag.py:540} INFO - Filling up the DagBag from /opt/airflow/dags/python_broker_postgres.py
[2024-11-10T22:29:08.106+0000] {processor.py:840} INFO - DAG(s) 'python_broker_postgres' retrieved from /opt/airflow/dags/python_broker_postgres.py
[2024-11-10T22:29:08.127+0000] {logging_mixin.py:188} INFO - [2024-11-10T22:29:08.127+0000] {dag.py:3047} INFO - Sync 1 DAGs
[2024-11-10T22:29:08.137+0000] {logging_mixin.py:188} INFO - [2024-11-10T22:29:08.137+0000] {dag.py:3834} INFO - Setting next_dagrun for python_broker_postgres to None, run_after=None
[2024-11-10T22:29:08.151+0000] {processor.py:183} INFO - Processing /opt/airflow/dags/python_broker_postgres.py took 0.125 seconds
[2024-11-10T22:29:38.259+0000] {processor.py:161} INFO - Started process (PID=7086) to work on /opt/airflow/dags/python_broker_postgres.py
[2024-11-10T22:29:38.260+0000] {processor.py:830} INFO - Processing file /opt/airflow/dags/python_broker_postgres.py for tasks to queue
[2024-11-10T22:29:38.261+0000] {logging_mixin.py:188} INFO - [2024-11-10T22:29:38.260+0000] {dagbag.py:540} INFO - Filling up the DagBag from /opt/airflow/dags/python_broker_postgres.py
[2024-11-10T22:29:38.301+0000] {processor.py:840} INFO - DAG(s) 'python_broker_postgres' retrieved from /opt/airflow/dags/python_broker_postgres.py
[2024-11-10T22:29:38.319+0000] {logging_mixin.py:188} INFO - [2024-11-10T22:29:38.319+0000] {dag.py:3047} INFO - Sync 1 DAGs
[2024-11-10T22:29:38.329+0000] {logging_mixin.py:188} INFO - [2024-11-10T22:29:38.329+0000] {dag.py:3834} INFO - Setting next_dagrun for python_broker_postgres to None, run_after=None
[2024-11-10T22:29:38.345+0000] {processor.py:183} INFO - Processing /opt/airflow/dags/python_broker_postgres.py took 0.088 seconds
[2024-11-10T22:30:08.466+0000] {processor.py:161} INFO - Started process (PID=7108) to work on /opt/airflow/dags/python_broker_postgres.py
[2024-11-10T22:30:08.466+0000] {processor.py:830} INFO - Processing file /opt/airflow/dags/python_broker_postgres.py for tasks to queue
[2024-11-10T22:30:08.467+0000] {logging_mixin.py:188} INFO - [2024-11-10T22:30:08.467+0000] {dagbag.py:540} INFO - Filling up the DagBag from /opt/airflow/dags/python_broker_postgres.py
[2024-11-10T22:30:08.507+0000] {processor.py:840} INFO - DAG(s) 'python_broker_postgres' retrieved from /opt/airflow/dags/python_broker_postgres.py
[2024-11-10T22:30:08.528+0000] {logging_mixin.py:188} INFO - [2024-11-10T22:30:08.528+0000] {dag.py:3047} INFO - Sync 1 DAGs
[2024-11-10T22:30:08.628+0000] {logging_mixin.py:188} INFO - [2024-11-10T22:30:08.628+0000] {dag.py:3834} INFO - Setting next_dagrun for python_broker_postgres to None, run_after=None
[2024-11-10T22:30:08.644+0000] {processor.py:183} INFO - Processing /opt/airflow/dags/python_broker_postgres.py took 0.181 seconds
[2024-11-10T22:30:38.798+0000] {processor.py:161} INFO - Started process (PID=7130) to work on /opt/airflow/dags/python_broker_postgres.py
[2024-11-10T22:30:38.798+0000] {processor.py:830} INFO - Processing file /opt/airflow/dags/python_broker_postgres.py for tasks to queue
[2024-11-10T22:30:38.799+0000] {logging_mixin.py:188} INFO - [2024-11-10T22:30:38.799+0000] {dagbag.py:540} INFO - Filling up the DagBag from /opt/airflow/dags/python_broker_postgres.py
[2024-11-10T22:30:38.841+0000] {processor.py:840} INFO - DAG(s) 'python_broker_postgres' retrieved from /opt/airflow/dags/python_broker_postgres.py
[2024-11-10T22:30:38.861+0000] {logging_mixin.py:188} INFO - [2024-11-10T22:30:38.861+0000] {dag.py:3047} INFO - Sync 1 DAGs
[2024-11-10T22:30:38.871+0000] {logging_mixin.py:188} INFO - [2024-11-10T22:30:38.871+0000] {dag.py:3834} INFO - Setting next_dagrun for python_broker_postgres to None, run_after=None
[2024-11-10T22:30:38.886+0000] {processor.py:183} INFO - Processing /opt/airflow/dags/python_broker_postgres.py took 0.091 seconds
[2024-11-10T22:31:09.139+0000] {processor.py:161} INFO - Started process (PID=7152) to work on /opt/airflow/dags/python_broker_postgres.py
[2024-11-10T22:31:09.140+0000] {processor.py:830} INFO - Processing file /opt/airflow/dags/python_broker_postgres.py for tasks to queue
[2024-11-10T22:31:09.142+0000] {logging_mixin.py:188} INFO - [2024-11-10T22:31:09.141+0000] {dagbag.py:540} INFO - Filling up the DagBag from /opt/airflow/dags/python_broker_postgres.py
[2024-11-10T22:31:09.201+0000] {processor.py:840} INFO - DAG(s) 'python_broker_postgres' retrieved from /opt/airflow/dags/python_broker_postgres.py
[2024-11-10T22:31:09.226+0000] {logging_mixin.py:188} INFO - [2024-11-10T22:31:09.226+0000] {dag.py:3047} INFO - Sync 1 DAGs
[2024-11-10T22:31:09.326+0000] {logging_mixin.py:188} INFO - [2024-11-10T22:31:09.325+0000] {dag.py:3834} INFO - Setting next_dagrun for python_broker_postgres to None, run_after=None
[2024-11-10T22:31:09.340+0000] {processor.py:183} INFO - Processing /opt/airflow/dags/python_broker_postgres.py took 0.207 seconds
[2024-11-10T22:31:39.448+0000] {processor.py:161} INFO - Started process (PID=7174) to work on /opt/airflow/dags/python_broker_postgres.py
[2024-11-10T22:31:39.449+0000] {processor.py:830} INFO - Processing file /opt/airflow/dags/python_broker_postgres.py for tasks to queue
[2024-11-10T22:31:39.450+0000] {logging_mixin.py:188} INFO - [2024-11-10T22:31:39.450+0000] {dagbag.py:540} INFO - Filling up the DagBag from /opt/airflow/dags/python_broker_postgres.py
[2024-11-10T22:31:39.490+0000] {processor.py:840} INFO - DAG(s) 'python_broker_postgres' retrieved from /opt/airflow/dags/python_broker_postgres.py
[2024-11-10T22:31:39.509+0000] {logging_mixin.py:188} INFO - [2024-11-10T22:31:39.509+0000] {dag.py:3047} INFO - Sync 1 DAGs
[2024-11-10T22:31:39.519+0000] {logging_mixin.py:188} INFO - [2024-11-10T22:31:39.519+0000] {dag.py:3834} INFO - Setting next_dagrun for python_broker_postgres to None, run_after=None
[2024-11-10T22:31:39.534+0000] {processor.py:183} INFO - Processing /opt/airflow/dags/python_broker_postgres.py took 0.090 seconds
[2024-11-10T22:32:10.444+0000] {processor.py:161} INFO - Started process (PID=7196) to work on /opt/airflow/dags/python_broker_postgres.py
[2024-11-10T22:32:10.444+0000] {processor.py:830} INFO - Processing file /opt/airflow/dags/python_broker_postgres.py for tasks to queue
[2024-11-10T22:32:10.445+0000] {logging_mixin.py:188} INFO - [2024-11-10T22:32:10.445+0000] {dagbag.py:540} INFO - Filling up the DagBag from /opt/airflow/dags/python_broker_postgres.py
[2024-11-10T22:32:10.486+0000] {processor.py:840} INFO - DAG(s) 'python_broker_postgres' retrieved from /opt/airflow/dags/python_broker_postgres.py
[2024-11-10T22:32:10.505+0000] {logging_mixin.py:188} INFO - [2024-11-10T22:32:10.505+0000] {dag.py:3047} INFO - Sync 1 DAGs
[2024-11-10T22:32:10.515+0000] {logging_mixin.py:188} INFO - [2024-11-10T22:32:10.515+0000] {dag.py:3834} INFO - Setting next_dagrun for python_broker_postgres to None, run_after=None
[2024-11-10T22:32:10.532+0000] {processor.py:183} INFO - Processing /opt/airflow/dags/python_broker_postgres.py took 0.091 seconds
[2024-11-10T22:32:40.970+0000] {processor.py:161} INFO - Started process (PID=7218) to work on /opt/airflow/dags/python_broker_postgres.py
[2024-11-10T22:32:40.972+0000] {processor.py:830} INFO - Processing file /opt/airflow/dags/python_broker_postgres.py for tasks to queue
[2024-11-10T22:32:40.973+0000] {logging_mixin.py:188} INFO - [2024-11-10T22:32:40.973+0000] {dagbag.py:540} INFO - Filling up the DagBag from /opt/airflow/dags/python_broker_postgres.py
[2024-11-10T22:32:41.017+0000] {processor.py:840} INFO - DAG(s) 'python_broker_postgres' retrieved from /opt/airflow/dags/python_broker_postgres.py
[2024-11-10T22:32:41.127+0000] {logging_mixin.py:188} INFO - [2024-11-10T22:32:41.127+0000] {dag.py:3047} INFO - Sync 1 DAGs
[2024-11-10T22:32:41.136+0000] {logging_mixin.py:188} INFO - [2024-11-10T22:32:41.135+0000] {dag.py:3834} INFO - Setting next_dagrun for python_broker_postgres to None, run_after=None
[2024-11-10T22:32:41.149+0000] {processor.py:183} INFO - Processing /opt/airflow/dags/python_broker_postgres.py took 0.183 seconds
[2024-11-10T22:33:12.025+0000] {processor.py:161} INFO - Started process (PID=7240) to work on /opt/airflow/dags/python_broker_postgres.py
[2024-11-10T22:33:12.026+0000] {processor.py:830} INFO - Processing file /opt/airflow/dags/python_broker_postgres.py for tasks to queue
[2024-11-10T22:33:12.028+0000] {logging_mixin.py:188} INFO - [2024-11-10T22:33:12.027+0000] {dagbag.py:540} INFO - Filling up the DagBag from /opt/airflow/dags/python_broker_postgres.py
[2024-11-10T22:33:12.072+0000] {processor.py:840} INFO - DAG(s) 'python_broker_postgres' retrieved from /opt/airflow/dags/python_broker_postgres.py
[2024-11-10T22:33:12.095+0000] {logging_mixin.py:188} INFO - [2024-11-10T22:33:12.095+0000] {dag.py:3047} INFO - Sync 1 DAGs
[2024-11-10T22:33:12.106+0000] {logging_mixin.py:188} INFO - [2024-11-10T22:33:12.106+0000] {dag.py:3834} INFO - Setting next_dagrun for python_broker_postgres to None, run_after=None
[2024-11-10T22:33:12.123+0000] {processor.py:183} INFO - Processing /opt/airflow/dags/python_broker_postgres.py took 0.101 seconds
[2024-11-10T22:33:42.414+0000] {processor.py:161} INFO - Started process (PID=7262) to work on /opt/airflow/dags/python_broker_postgres.py
[2024-11-10T22:33:42.415+0000] {processor.py:830} INFO - Processing file /opt/airflow/dags/python_broker_postgres.py for tasks to queue
[2024-11-10T22:33:42.416+0000] {logging_mixin.py:188} INFO - [2024-11-10T22:33:42.415+0000] {dagbag.py:540} INFO - Filling up the DagBag from /opt/airflow/dags/python_broker_postgres.py
[2024-11-10T22:33:42.456+0000] {processor.py:840} INFO - DAG(s) 'python_broker_postgres' retrieved from /opt/airflow/dags/python_broker_postgres.py
[2024-11-10T22:33:42.475+0000] {logging_mixin.py:188} INFO - [2024-11-10T22:33:42.475+0000] {dag.py:3047} INFO - Sync 1 DAGs
[2024-11-10T22:33:42.575+0000] {logging_mixin.py:188} INFO - [2024-11-10T22:33:42.575+0000] {dag.py:3834} INFO - Setting next_dagrun for python_broker_postgres to None, run_after=None
[2024-11-10T22:33:42.590+0000] {processor.py:183} INFO - Processing /opt/airflow/dags/python_broker_postgres.py took 0.179 seconds
[2024-11-10T22:34:13.645+0000] {processor.py:161} INFO - Started process (PID=7284) to work on /opt/airflow/dags/python_broker_postgres.py
[2024-11-10T22:34:13.646+0000] {processor.py:830} INFO - Processing file /opt/airflow/dags/python_broker_postgres.py for tasks to queue
[2024-11-10T22:34:13.648+0000] {logging_mixin.py:188} INFO - [2024-11-10T22:34:13.647+0000] {dagbag.py:540} INFO - Filling up the DagBag from /opt/airflow/dags/python_broker_postgres.py
[2024-11-10T22:34:13.698+0000] {processor.py:840} INFO - DAG(s) 'python_broker_postgres' retrieved from /opt/airflow/dags/python_broker_postgres.py
[2024-11-10T22:34:13.717+0000] {logging_mixin.py:188} INFO - [2024-11-10T22:34:13.717+0000] {dag.py:3047} INFO - Sync 1 DAGs
[2024-11-10T22:34:13.727+0000] {logging_mixin.py:188} INFO - [2024-11-10T22:34:13.727+0000] {dag.py:3834} INFO - Setting next_dagrun for python_broker_postgres to None, run_after=None
[2024-11-10T22:34:13.744+0000] {processor.py:183} INFO - Processing /opt/airflow/dags/python_broker_postgres.py took 0.104 seconds
[2024-11-10T22:34:43.912+0000] {processor.py:161} INFO - Started process (PID=7306) to work on /opt/airflow/dags/python_broker_postgres.py
[2024-11-10T22:34:43.913+0000] {processor.py:830} INFO - Processing file /opt/airflow/dags/python_broker_postgres.py for tasks to queue
[2024-11-10T22:34:43.915+0000] {logging_mixin.py:188} INFO - [2024-11-10T22:34:43.914+0000] {dagbag.py:540} INFO - Filling up the DagBag from /opt/airflow/dags/python_broker_postgres.py
[2024-11-10T22:34:43.957+0000] {processor.py:840} INFO - DAG(s) 'python_broker_postgres' retrieved from /opt/airflow/dags/python_broker_postgres.py
[2024-11-10T22:34:43.976+0000] {logging_mixin.py:188} INFO - [2024-11-10T22:34:43.976+0000] {dag.py:3047} INFO - Sync 1 DAGs
[2024-11-10T22:34:43.986+0000] {logging_mixin.py:188} INFO - [2024-11-10T22:34:43.986+0000] {dag.py:3834} INFO - Setting next_dagrun for python_broker_postgres to None, run_after=None
[2024-11-10T22:34:44.102+0000] {processor.py:183} INFO - Processing /opt/airflow/dags/python_broker_postgres.py took 0.194 seconds
