[2024-11-10T20:29:07.245+0000] {taskinstance.py:1979} INFO - Dependencies all met for dep_context=non-requeueable deps ti=<TaskInstance: analytics_pipeline.trip_stop_sensor manual__2024-11-10T20:28:31.150943+00:00 [queued]>
[2024-11-10T20:29:07.254+0000] {taskinstance.py:1979} INFO - Dependencies all met for dep_context=requeueable deps ti=<TaskInstance: analytics_pipeline.trip_stop_sensor manual__2024-11-10T20:28:31.150943+00:00 [queued]>
[2024-11-10T20:29:07.256+0000] {taskinstance.py:2193} INFO - Starting attempt 1 of 1
[2024-11-10T20:29:07.269+0000] {taskinstance.py:2217} INFO - Executing <Task(RabbitMQSensor): trip_stop_sensor> on 2024-11-10 20:28:31.150943+00:00
[2024-11-10T20:29:07.274+0000] {standard_task_runner.py:60} INFO - Started process 946 to run task
[2024-11-10T20:29:07.277+0000] {standard_task_runner.py:87} INFO - Running: ['***', 'tasks', 'run', 'analytics_pipeline', 'trip_stop_sensor', 'manual__2024-11-10T20:28:31.150943+00:00', '--job-id', '1263', '--raw', '--subdir', 'DAGS_FOLDER/analytics_pipeline.py', '--cfg-path', '/tmp/tmpa7scgymw']
[2024-11-10T20:29:07.278+0000] {standard_task_runner.py:88} INFO - Job 1263: Subtask trip_stop_sensor
[2024-11-10T20:29:07.319+0000] {task_command.py:423} INFO - Running <TaskInstance: analytics_pipeline.trip_stop_sensor manual__2024-11-10T20:28:31.150943+00:00 [running]> on host 2a2d16a2b1e8
[2024-11-10T20:29:07.387+0000] {taskinstance.py:2513} INFO - Exporting env vars: AIRFLOW_CTX_DAG_OWNER='***' AIRFLOW_CTX_DAG_ID='analytics_pipeline' AIRFLOW_CTX_TASK_ID='trip_stop_sensor' AIRFLOW_CTX_EXECUTION_DATE='2024-11-10T20:28:31.150943+00:00' AIRFLOW_CTX_TRY_NUMBER='1' AIRFLOW_CTX_DAG_RUN_ID='manual__2024-11-10T20:28:31.150943+00:00'
[2024-11-10T20:29:07.394+0000] {base.py:83} INFO - Using connection ID 'RabbitMQ' for task execution.
[2024-11-10T20:29:07.397+0000] {connection_workflow.py:179} INFO - Pika version 1.3.2 connecting to ('172.26.0.2', 5672)
[2024-11-10T20:29:07.398+0000] {io_services_utils.py:345} INFO - Socket connected: <socket.socket fd=93, family=AddressFamily.AF_INET, type=SocketKind.SOCK_STREAM, proto=6, laddr=('172.26.0.7', 60700), raddr=('172.26.0.2', 5672)>
[2024-11-10T20:29:07.399+0000] {connection_workflow.py:428} INFO - Streaming transport linked up: (<pika.adapters.utils.io_services_utils._AsyncPlaintextTransport object at 0x7fb80152aa00>, _StreamingProtocolShim: <SelectConnection PROTOCOL transport=<pika.adapters.utils.io_services_utils._AsyncPlaintextTransport object at 0x7fb80152aa00> params=<ConnectionParameters host=rabbitmq_main port=5672 virtual_host=/ ssl=False>>).
[2024-11-10T20:29:07.402+0000] {connection_workflow.py:293} INFO - AMQPConnector - reporting success: <SelectConnection OPEN transport=<pika.adapters.utils.io_services_utils._AsyncPlaintextTransport object at 0x7fb80152aa00> params=<ConnectionParameters host=rabbitmq_main port=5672 virtual_host=/ ssl=False>>
[2024-11-10T20:29:07.403+0000] {connection_workflow.py:725} INFO - AMQPConnectionWorkflow - reporting success: <SelectConnection OPEN transport=<pika.adapters.utils.io_services_utils._AsyncPlaintextTransport object at 0x7fb80152aa00> params=<ConnectionParameters host=rabbitmq_main port=5672 virtual_host=/ ssl=False>>
[2024-11-10T20:29:07.403+0000] {blocking_connection.py:453} INFO - Connection workflow succeeded: <SelectConnection OPEN transport=<pika.adapters.utils.io_services_utils._AsyncPlaintextTransport object at 0x7fb80152aa00> params=<ConnectionParameters host=rabbitmq_main port=5672 virtual_host=/ ssl=False>>
[2024-11-10T20:29:07.403+0000] {blocking_connection.py:1264} INFO - Created channel=1
[2024-11-10T20:29:07.405+0000] {channel.py:536} INFO - Closing channel (0): 'Normal shutdown' on <Channel number=1 OPEN conn=<SelectConnection OPEN transport=<pika.adapters.utils.io_services_utils._AsyncPlaintextTransport object at 0x7fb80152aa00> params=<ConnectionParameters host=rabbitmq_main port=5672 virtual_host=/ ssl=False>>>
[2024-11-10T20:29:07.406+0000] {channel.py:1133} INFO - Received <Channel.CloseOk> on <Channel number=1 CLOSING conn=<SelectConnection OPEN transport=<pika.adapters.utils.io_services_utils._AsyncPlaintextTransport object at 0x7fb80152aa00> params=<ConnectionParameters host=rabbitmq_main port=5672 virtual_host=/ ssl=False>>>
[2024-11-10T20:30:07.461+0000] {base.py:83} INFO - Using connection ID 'RabbitMQ' for task execution.
[2024-11-10T20:30:07.463+0000] {connection_workflow.py:179} INFO - Pika version 1.3.2 connecting to ('172.26.0.2', 5672)
[2024-11-10T20:30:07.463+0000] {io_services_utils.py:345} INFO - Socket connected: <socket.socket fd=97, family=AddressFamily.AF_INET, type=SocketKind.SOCK_STREAM, proto=6, laddr=('172.26.0.7', 41844), raddr=('172.26.0.2', 5672)>
[2024-11-10T20:30:07.464+0000] {connection_workflow.py:428} INFO - Streaming transport linked up: (<pika.adapters.utils.io_services_utils._AsyncPlaintextTransport object at 0x7fb8014d34c0>, _StreamingProtocolShim: <SelectConnection PROTOCOL transport=<pika.adapters.utils.io_services_utils._AsyncPlaintextTransport object at 0x7fb8014d34c0> params=<ConnectionParameters host=rabbitmq_main port=5672 virtual_host=/ ssl=False>>).
[2024-11-10T20:30:07.466+0000] {connection_workflow.py:293} INFO - AMQPConnector - reporting success: <SelectConnection OPEN transport=<pika.adapters.utils.io_services_utils._AsyncPlaintextTransport object at 0x7fb8014d34c0> params=<ConnectionParameters host=rabbitmq_main port=5672 virtual_host=/ ssl=False>>
[2024-11-10T20:30:07.466+0000] {connection_workflow.py:725} INFO - AMQPConnectionWorkflow - reporting success: <SelectConnection OPEN transport=<pika.adapters.utils.io_services_utils._AsyncPlaintextTransport object at 0x7fb8014d34c0> params=<ConnectionParameters host=rabbitmq_main port=5672 virtual_host=/ ssl=False>>
[2024-11-10T20:30:07.466+0000] {blocking_connection.py:453} INFO - Connection workflow succeeded: <SelectConnection OPEN transport=<pika.adapters.utils.io_services_utils._AsyncPlaintextTransport object at 0x7fb8014d34c0> params=<ConnectionParameters host=rabbitmq_main port=5672 virtual_host=/ ssl=False>>
[2024-11-10T20:30:07.467+0000] {blocking_connection.py:1264} INFO - Created channel=1
[2024-11-10T20:30:07.468+0000] {channel.py:536} INFO - Closing channel (0): 'Normal shutdown' on <Channel number=1 OPEN conn=<SelectConnection OPEN transport=<pika.adapters.utils.io_services_utils._AsyncPlaintextTransport object at 0x7fb8014d34c0> params=<ConnectionParameters host=rabbitmq_main port=5672 virtual_host=/ ssl=False>>>
[2024-11-10T20:30:07.469+0000] {channel.py:1133} INFO - Received <Channel.CloseOk> on <Channel number=1 CLOSING conn=<SelectConnection OPEN transport=<pika.adapters.utils.io_services_utils._AsyncPlaintextTransport object at 0x7fb8014d34c0> params=<ConnectionParameters host=rabbitmq_main port=5672 virtual_host=/ ssl=False>>>
[2024-11-10T20:30:07.470+0000] {base.py:295} INFO - Success criteria met. Exiting.
[2024-11-10T20:30:07.485+0000] {taskinstance.py:1149} INFO - Marking task as SUCCESS. dag_id=analytics_pipeline, task_id=trip_stop_sensor, execution_date=20241110T202831, start_date=20241110T202907, end_date=20241110T203007
[2024-11-10T20:30:07.507+0000] {local_task_job_runner.py:234} INFO - Task exited with return code 0
[2024-11-10T20:30:07.526+0000] {taskinstance.py:3312} INFO - 1 downstream tasks scheduled from follow-on schedule check
